[2020-12-17 20:13:46,057]{general | INFO}:23 - Starting ilo..Parsing Config
[2020-12-17 20:13:46,060]{general | INFO}:28 - Connecting to MongoDB
[2020-12-17 20:13:46,077]{general | INFO}:33 - Starting FastAPI
[2020-12-17 22:01:58,069]{general | INFO}:26 - Starting ilo..Parsing general config
[2020-12-17 22:02:40,717]{general | INFO}:27 - Starting ilo..Parsing general config
[2020-12-17 22:02:40,718]{general | INFO}:32 - Starting FastAPI
[2020-12-17 22:05:53,544]{general | INFO}:27 - Starting ilo..Parsing general config
[2020-12-17 22:05:53,544]{general | INFO}:32 - Starting FastAPI
[2020-12-21 14:53:52,407]{general | INFO}:27 - Starting ilo..Parsing general config
[2020-12-21 14:53:52,408]{general | INFO}:32 - Starting FastAPI
[2020-12-21 14:54:10,378]{general | INFO}:27 - Starting ilo..Parsing general config
[2020-12-21 14:54:10,391]{general | INFO}:32 - Starting FastAPI
[2020-12-21 14:54:57,153]{general | INFO}:27 - Starting ilo..Parsing general config
[2020-12-21 14:54:57,153]{general | INFO}:32 - Starting FastAPI
[2020-12-21 14:55:35,428]{general | INFO}:27 - Starting ilo..Parsing general config
[2020-12-21 14:55:35,429]{general | INFO}:32 - Starting FastAPI
[2020-12-21 14:55:52,510]{general | INFO}:27 - Starting ilo..Parsing general config
[2020-12-21 14:55:52,511]{general | INFO}:32 - Starting FastAPI
[2020-12-21 14:58:00,281]{general | INFO}:27 - Starting ilo..Parsing general config
[2020-12-21 14:58:00,282]{general | INFO}:32 - Starting FastAPI
[2020-12-21 14:58:05,596]{general | INFO}:27 - Starting ilo..Parsing general config
[2020-12-21 14:58:05,597]{general | INFO}:32 - Starting FastAPI
[2020-12-21 14:58:13,329]{general | INFO}:27 - Starting ilo..Parsing general config
[2020-12-21 14:58:13,330]{general | INFO}:32 - Starting FastAPI
[2020-12-21 15:20:45,874]{general | INFO}:24 - Starting ilo..Parsing general config
[2020-12-21 15:20:45,877]{general | INFO}:30 - Starting FastAPI
[2020-12-21 15:22:14,485]{general | INFO}:25 - Starting ilo..Parsing general config
[2020-12-21 15:22:14,486]{general | INFO}:31 - Starting FastAPI
[2020-12-24 15:03:02,069]{general | INFO}:25 - Starting ilo..Parsing general config
[2020-12-24 15:03:02,070]{general | INFO}:31 - Starting FastAPI
[2020-12-24 15:12:56,458]{general | INFO}:25 - Starting ilo..Parsing general config
[2020-12-24 15:12:56,459]{general | INFO}:31 - Starting FastAPI
[2020-12-24 15:29:43,014]{general | INFO}:25 - Starting ilo..Parsing general config
[2020-12-24 15:29:43,015]{general | INFO}:31 - Starting FastAPI
[2020-12-24 15:30:13,683]{general | INFO}:25 - Starting ilo..Parsing general config
[2020-12-24 15:30:13,685]{general | INFO}:31 - Starting FastAPI
[2021-01-04 12:57:51,554]{general | INFO}:25 - Starting ilo..Parsing general config
[2021-01-04 12:57:51,556]{general | INFO}:31 - Starting FastAPI
[2021-01-04 13:02:14,894]{general | INFO}:25 - Starting ilo..Parsing general config
[2021-01-04 13:02:14,895]{general | INFO}:31 - Starting FastAPI
[2021-01-04 13:10:57,303]{general | INFO}:25 - Starting ilo..Parsing general config
[2021-01-04 13:10:57,305]{general | INFO}:31 - Starting FastAPI
[2021-01-04 13:12:49,197]{general | INFO}:25 - Starting ilo..Parsing general config
[2021-01-04 13:12:49,197]{general | INFO}:31 - Starting FastAPI
[2021-01-04 13:14:24,146]{general | INFO}:25 - Starting ilo..Parsing general config
[2021-01-04 13:14:24,147]{general | INFO}:31 - Starting FastAPI
[2021-01-04 13:17:28,803]{general | INFO}:25 - Starting ilo..Parsing general config
[2021-01-04 13:17:28,804]{general | INFO}:31 - Starting FastAPI
[2021-01-04 13:20:33,734]{general | INFO}:25 - Starting ilo..Parsing general config
[2021-01-04 13:20:33,735]{general | INFO}:31 - Starting FastAPI
[2021-01-04 13:20:33,994]{general | INFO}:25 - Starting ilo..Parsing general config
[2021-01-04 13:20:33,995]{general | INFO}:31 - Starting FastAPI
[2021-01-04 13:20:58,494]{general | INFO}:25 - Starting ilo..Parsing general config
[2021-01-04 13:20:58,495]{general | INFO}:31 - Starting FastAPI
[2021-01-04 13:21:22,279]{general | INFO}:25 - Starting ilo..Parsing general config
[2021-01-04 13:21:22,281]{general | INFO}:31 - Starting FastAPI
[2021-01-04 13:30:10,840]{general | INFO}:25 - Starting ilo..Parsing general config
[2021-01-04 13:30:10,841]{general | INFO}:31 - Starting FastAPI
[2021-01-04 13:37:02,207]{general | INFO}:25 - Starting ilo..Parsing general config
[2021-01-04 13:37:02,208]{general | INFO}:31 - Starting FastAPI
[2021-01-04 13:41:45,634]{general | INFO}:25 - Starting ilo..Parsing general config
[2021-01-04 13:41:45,635]{general | INFO}:31 - Starting FastAPI
[2021-01-04 13:45:34,628]{general | INFO}:25 - Starting ilo..Parsing general config
[2021-01-04 13:45:34,629]{general | INFO}:31 - Starting FastAPI
[2021-01-04 13:50:02,077]{general | INFO}:25 - Starting ilo..Parsing general config
[2021-01-04 13:50:02,078]{general | INFO}:31 - Starting FastAPI
[2021-01-04 13:50:12,462]{general | INFO}:25 - Starting ilo..Parsing general config
[2021-01-04 13:50:12,463]{general | INFO}:31 - Starting FastAPI
[2021-01-04 13:50:19,296]{general | INFO}:25 - Starting ilo..Parsing general config
[2021-01-04 13:50:19,297]{general | INFO}:31 - Starting FastAPI
[2021-01-04 14:14:16,101]{general | INFO}:25 - Starting ilo..Parsing general config
[2021-01-04 14:14:16,122]{general | INFO}:31 - Starting FastAPI
[2021-01-04 14:14:27,082]{general | INFO}:25 - Starting ilo..Parsing general config
[2021-01-04 14:14:27,083]{general | INFO}:31 - Starting FastAPI
[2021-01-04 14:20:07,334]{general | INFO}:25 - Starting ilo..Parsing general config
[2021-01-04 14:20:07,334]{general | INFO}:31 - Starting FastAPI
[2021-01-04 14:48:10,145]{general | INFO}:25 - Starting ilo..Parsing general config
[2021-01-04 14:48:10,146]{general | INFO}:31 - Starting FastAPI
[2021-01-04 14:48:11,042]{general | INFO}:25 - Starting ilo..Parsing general config
[2021-01-04 14:48:11,043]{general | INFO}:31 - Starting FastAPI
[2021-01-04 15:59:23,004]{general | INFO}:25 - Starting ilo..Parsing general config
[2021-01-04 15:59:23,005]{general | INFO}:31 - Starting FastAPI
[2021-01-04 15:59:26,373]{general | INFO}:25 - Starting ilo..Parsing general config
[2021-01-04 15:59:26,374]{general | INFO}:31 - Starting FastAPI
[2021-01-04 15:59:30,705]{general | INFO}:25 - Starting ilo..Parsing general config
[2021-01-04 15:59:30,706]{general | INFO}:31 - Starting FastAPI
[2021-01-04 16:11:36,974]{general | INFO}:25 - Starting ilo..Parsing general config
[2021-01-04 16:11:36,975]{general | INFO}:31 - Starting FastAPI
[2021-01-04 16:11:54,904]{general | INFO}:25 - Starting ilo..Parsing general config
[2021-01-04 16:11:54,904]{general | INFO}:31 - Starting FastAPI
[2021-01-04 16:12:04,254]{general | INFO}:25 - Starting ilo..Parsing general config
[2021-01-04 16:12:04,255]{general | INFO}:31 - Starting FastAPI
[2021-01-04 16:13:36,221]{general | INFO}:25 - Starting ilo..Parsing general config
[2021-01-04 16:13:36,221]{general | INFO}:31 - Starting FastAPI
[2021-01-04 16:13:49,142]{general | INFO}:25 - Starting ilo..Parsing general config
[2021-01-04 16:13:49,143]{general | INFO}:31 - Starting FastAPI
[2021-01-04 16:13:51,497]{general | INFO}:25 - Starting ilo..Parsing general config
[2021-01-04 16:13:51,497]{general | INFO}:31 - Starting FastAPI
[2021-01-04 16:14:05,444]{general | INFO}:25 - Starting ilo..Parsing general config
[2021-01-04 16:14:05,445]{general | INFO}:31 - Starting FastAPI
[2021-01-04 16:14:15,836]{general | INFO}:25 - Starting ilo..Parsing general config
[2021-01-04 16:14:15,837]{general | INFO}:31 - Starting FastAPI
[2021-01-04 16:14:16,659]{general | INFO}:25 - Starting ilo..Parsing general config
[2021-01-04 16:14:16,659]{general | INFO}:31 - Starting FastAPI
[2021-01-04 16:14:40,112]{general | INFO}:25 - Starting ilo..Parsing general config
[2021-01-04 16:14:40,113]{general | INFO}:31 - Starting FastAPI
[2021-01-04 16:14:45,977]{general | INFO}:25 - Starting ilo..Parsing general config
[2021-01-04 16:14:45,978]{general | INFO}:31 - Starting FastAPI
[2021-01-04 16:14:49,333]{general | INFO}:25 - Starting ilo..Parsing general config
[2021-01-04 16:14:49,334]{general | INFO}:31 - Starting FastAPI
[2021-01-04 16:14:58,714]{general | INFO}:25 - Starting ilo..Parsing general config
[2021-01-04 16:14:58,714]{general | INFO}:31 - Starting FastAPI
[2021-01-04 16:15:32,760]{general | INFO}:25 - Starting ilo..Parsing general config
[2021-01-04 16:15:32,773]{general | INFO}:31 - Starting FastAPI
[2021-01-04 16:15:43,124]{general | INFO}:25 - Starting ilo..Parsing general config
[2021-01-04 16:15:43,124]{general | INFO}:31 - Starting FastAPI
[2021-01-04 16:15:53,471]{general | INFO}:25 - Starting ilo..Parsing general config
[2021-01-04 16:15:53,472]{general | INFO}:31 - Starting FastAPI
[2021-01-04 16:15:55,278]{general | INFO}:25 - Starting ilo..Parsing general config
[2021-01-04 16:15:55,279]{general | INFO}:31 - Starting FastAPI
[2021-01-04 16:16:10,750]{general | INFO}:25 - Starting ilo..Parsing general config
[2021-01-04 16:16:10,751]{general | INFO}:31 - Starting FastAPI
[2021-01-04 16:16:14,611]{general | INFO}:25 - Starting ilo..Parsing general config
[2021-01-04 16:16:14,611]{general | INFO}:31 - Starting FastAPI
[2021-01-04 16:17:06,244]{general | INFO}:25 - Starting ilo..Parsing general config
[2021-01-04 16:17:06,245]{general | INFO}:31 - Starting FastAPI
[2021-01-04 16:17:15,121]{general | INFO}:25 - Starting ilo..Parsing general config
[2021-01-04 16:17:15,121]{general | INFO}:31 - Starting FastAPI
[2021-01-04 16:17:30,524]{general | INFO}:25 - Starting ilo..Parsing general config
[2021-01-04 16:17:30,525]{general | INFO}:31 - Starting FastAPI
[2021-01-04 16:17:33,838]{general | INFO}:25 - Starting ilo..Parsing general config
[2021-01-04 16:17:33,839]{general | INFO}:31 - Starting FastAPI
[2021-01-04 16:17:37,182]{general | INFO}:25 - Starting ilo..Parsing general config
[2021-01-04 16:17:37,183]{general | INFO}:31 - Starting FastAPI
[2021-01-04 16:17:40,001]{general | INFO}:25 - Starting ilo..Parsing general config
[2021-01-04 16:17:40,002]{general | INFO}:31 - Starting FastAPI
[2021-01-04 16:17:45,128]{general | INFO}:25 - Starting ilo..Parsing general config
[2021-01-04 16:17:45,129]{general | INFO}:31 - Starting FastAPI
[2021-01-04 16:17:48,211]{general | INFO}:25 - Starting ilo..Parsing general config
[2021-01-04 16:17:48,220]{general | INFO}:31 - Starting FastAPI
[2021-01-04 16:17:53,569]{general | INFO}:25 - Starting ilo..Parsing general config
[2021-01-04 16:17:53,570]{general | INFO}:31 - Starting FastAPI
[2021-01-04 16:17:57,398]{general | INFO}:25 - Starting ilo..Parsing general config
[2021-01-04 16:17:57,399]{general | INFO}:31 - Starting FastAPI
[2021-01-04 16:18:00,243]{general | INFO}:25 - Starting ilo..Parsing general config
[2021-01-04 16:18:00,244]{general | INFO}:31 - Starting FastAPI
[2021-01-04 16:19:25,250]{general | INFO}:25 - Starting ilo..Parsing general config
[2021-01-04 16:19:25,251]{general | INFO}:31 - Starting FastAPI
[2021-01-04 16:19:29,122]{general | INFO}:25 - Starting ilo..Parsing general config
[2021-01-04 16:19:29,123]{general | INFO}:31 - Starting FastAPI
[2021-01-04 16:19:47,920]{general | INFO}:25 - Starting ilo..Parsing general config
[2021-01-04 16:19:47,921]{general | INFO}:31 - Starting FastAPI
[2021-01-04 16:19:56,130]{general | INFO}:25 - Starting ilo..Parsing general config
[2021-01-04 16:19:56,130]{general | INFO}:31 - Starting FastAPI
[2021-01-04 16:20:28,694]{general | INFO}:25 - Starting ilo..Parsing general config
[2021-01-04 16:20:28,695]{general | INFO}:31 - Starting FastAPI
[2021-01-04 16:20:33,322]{general | INFO}:25 - Starting ilo..Parsing general config
[2021-01-04 16:20:33,323]{general | INFO}:31 - Starting FastAPI
[2021-01-04 16:20:37,159]{general | INFO}:25 - Starting ilo..Parsing general config
[2021-01-04 16:20:37,160]{general | INFO}:31 - Starting FastAPI
[2021-01-04 16:20:51,075]{general | INFO}:25 - Starting ilo..Parsing general config
[2021-01-04 16:20:51,076]{general | INFO}:31 - Starting FastAPI
[2021-01-04 16:20:54,420]{general | INFO}:25 - Starting ilo..Parsing general config
[2021-01-04 16:20:54,421]{general | INFO}:31 - Starting FastAPI
[2021-01-04 16:20:58,276]{general | INFO}:25 - Starting ilo..Parsing general config
[2021-01-04 16:20:58,277]{general | INFO}:31 - Starting FastAPI
[2021-01-04 16:21:06,673]{general | INFO}:25 - Starting ilo..Parsing general config
[2021-01-04 16:21:06,674]{general | INFO}:31 - Starting FastAPI
[2021-01-04 16:21:09,521]{general | INFO}:25 - Starting ilo..Parsing general config
[2021-01-04 16:21:09,522]{general | INFO}:31 - Starting FastAPI
[2021-01-04 16:21:12,366]{general | INFO}:25 - Starting ilo..Parsing general config
[2021-01-04 16:21:12,367]{general | INFO}:31 - Starting FastAPI
[2021-01-04 16:21:17,724]{general | INFO}:25 - Starting ilo..Parsing general config
[2021-01-04 16:21:17,725]{general | INFO}:31 - Starting FastAPI
[2021-01-04 16:21:29,625]{general | INFO}:25 - Starting ilo..Parsing general config
[2021-01-04 16:21:29,626]{general | INFO}:31 - Starting FastAPI
[2021-01-04 16:21:39,515]{general | INFO}:25 - Starting ilo..Parsing general config
[2021-01-04 16:21:39,515]{general | INFO}:31 - Starting FastAPI
[2021-01-04 16:21:50,904]{general | INFO}:25 - Starting ilo..Parsing general config
[2021-01-04 16:21:50,905]{general | INFO}:31 - Starting FastAPI
[2021-01-04 16:21:59,279]{general | INFO}:25 - Starting ilo..Parsing general config
[2021-01-04 16:21:59,280]{general | INFO}:31 - Starting FastAPI
[2021-01-04 16:22:04,137]{general | INFO}:25 - Starting ilo..Parsing general config
[2021-01-04 16:22:04,138]{general | INFO}:31 - Starting FastAPI
[2021-01-04 16:22:16,153]{general | INFO}:25 - Starting ilo..Parsing general config
[2021-01-04 16:22:16,154]{general | INFO}:31 - Starting FastAPI
[2021-01-04 16:22:40,157]{general | INFO}:25 - Starting ilo..Parsing general config
[2021-01-04 16:22:40,158]{general | INFO}:31 - Starting FastAPI
[2021-01-04 16:22:58,323]{general | INFO}:25 - Starting ilo..Parsing general config
[2021-01-04 16:22:58,323]{general | INFO}:31 - Starting FastAPI
[2021-01-04 16:23:00,649]{general | INFO}:25 - Starting ilo..Parsing general config
[2021-01-04 16:23:00,650]{general | INFO}:31 - Starting FastAPI
[2021-01-04 16:23:02,469]{general | INFO}:25 - Starting ilo..Parsing general config
[2021-01-04 16:23:02,470]{general | INFO}:31 - Starting FastAPI
[2021-01-04 16:23:29,489]{general | INFO}:25 - Starting ilo..Parsing general config
[2021-01-04 16:23:29,490]{general | INFO}:31 - Starting FastAPI
[2021-01-04 16:23:37,851]{general | INFO}:25 - Starting ilo..Parsing general config
[2021-01-04 16:23:37,852]{general | INFO}:31 - Starting FastAPI
[2021-01-04 16:23:40,182]{general | INFO}:25 - Starting ilo..Parsing general config
[2021-01-04 16:23:40,183]{general | INFO}:31 - Starting FastAPI
[2021-01-04 16:23:56,125]{general | INFO}:25 - Starting ilo..Parsing general config
[2021-01-04 16:23:56,125]{general | INFO}:31 - Starting FastAPI
[2021-01-04 16:24:10,123]{general | INFO}:25 - Starting ilo..Parsing general config
[2021-01-04 16:24:10,124]{general | INFO}:31 - Starting FastAPI
[2021-01-04 16:26:26,102]{general | INFO}:25 - Starting ilo..Parsing general config
[2021-01-04 16:26:26,103]{general | INFO}:31 - Starting FastAPI
[2021-01-04 16:26:28,432]{general | INFO}:25 - Starting ilo..Parsing general config
[2021-01-04 16:26:28,433]{general | INFO}:31 - Starting FastAPI
[2021-01-04 16:26:32,264]{general | INFO}:25 - Starting ilo..Parsing general config
[2021-01-04 16:26:32,264]{general | INFO}:31 - Starting FastAPI
[2021-01-04 16:39:14,343]{general | INFO}:23 - Starting ilo..Parsing general config
[2021-01-04 16:39:14,344]{general | INFO}:29 - Starting FastAPI
[2021-01-04 16:39:17,199]{general | INFO}:22 - Starting ilo..Parsing general config
[2021-01-04 16:39:17,200]{general | INFO}:28 - Starting FastAPI
[2021-01-04 16:40:08,890]{general | INFO}:22 - Starting ilo..Parsing general config
[2021-01-04 16:40:08,891]{general | INFO}:28 - Starting FastAPI
[2021-01-04 16:40:34,382]{general | INFO}:22 - Starting ilo..Parsing general config
[2021-01-04 16:40:34,383]{general | INFO}:28 - Starting FastAPI
[2021-01-04 16:40:44,743]{general | INFO}:22 - Starting ilo..Parsing general config
[2021-01-04 16:40:44,744]{general | INFO}:28 - Starting FastAPI
[2021-01-04 16:41:24,817]{general | INFO}:22 - Starting ilo..Parsing general config
[2021-01-04 16:41:24,817]{general | INFO}:28 - Starting FastAPI
[2021-01-04 16:41:29,708]{general | INFO}:22 - Starting ilo..Parsing general config
[2021-01-04 16:41:29,709]{general | INFO}:28 - Starting FastAPI
[2021-01-04 16:41:37,071]{general | INFO}:22 - Starting ilo..Parsing general config
[2021-01-04 16:41:37,072]{general | INFO}:28 - Starting FastAPI
[2021-01-04 16:41:40,382]{general | INFO}:22 - Starting ilo..Parsing general config
[2021-01-04 16:41:40,383]{general | INFO}:28 - Starting FastAPI
[2021-01-04 16:41:45,729]{general | INFO}:22 - Starting ilo..Parsing general config
[2021-01-04 16:41:45,729]{general | INFO}:28 - Starting FastAPI
[2021-01-04 16:41:48,578]{general | INFO}:22 - Starting ilo..Parsing general config
[2021-01-04 16:41:48,579]{general | INFO}:28 - Starting FastAPI
[2021-01-04 16:41:49,902]{general | INFO}:22 - Starting ilo..Parsing general config
[2021-01-04 16:41:49,903]{general | INFO}:28 - Starting FastAPI
[2021-01-04 16:41:51,264]{general | INFO}:22 - Starting ilo..Parsing general config
[2021-01-04 16:41:51,265]{general | INFO}:28 - Starting FastAPI
[2021-01-04 16:41:56,604]{general | INFO}:22 - Starting ilo..Parsing general config
[2021-01-04 16:41:56,605]{general | INFO}:28 - Starting FastAPI
[2021-01-04 16:41:57,912]{general | INFO}:22 - Starting ilo..Parsing general config
[2021-01-04 16:41:57,913]{general | INFO}:28 - Starting FastAPI
[2021-01-04 16:43:03,658]{general | INFO}:22 - Starting ilo..Parsing general config
[2021-01-04 16:43:03,659]{general | INFO}:28 - Starting FastAPI
[2021-01-04 16:47:52,148]{general | INFO}:22 - Starting ilo..Parsing general config
[2021-01-04 16:47:52,149]{general | INFO}:28 - Starting FastAPI
[2021-01-04 16:50:24,045]{general | INFO}:22 - Starting ilo..Parsing general config
[2021-01-04 16:50:24,045]{general | INFO}:28 - Starting FastAPI
[2021-01-04 16:52:33,247]{general | INFO}:22 - Starting ilo..Parsing general config
[2021-01-04 16:52:33,248]{general | INFO}:28 - Starting FastAPI
[2021-01-04 16:52:39,117]{general | INFO}:22 - Starting ilo..Parsing general config
[2021-01-04 16:52:39,131]{general | INFO}:28 - Starting FastAPI
[2021-01-04 16:52:43,470]{general | INFO}:22 - Starting ilo..Parsing general config
[2021-01-04 16:52:43,471]{general | INFO}:28 - Starting FastAPI
[2021-01-04 16:52:46,290]{general | INFO}:22 - Starting ilo..Parsing general config
[2021-01-04 16:52:46,291]{general | INFO}:28 - Starting FastAPI
[2021-01-04 16:52:50,156]{general | INFO}:22 - Starting ilo..Parsing general config
[2021-01-04 16:52:50,157]{general | INFO}:28 - Starting FastAPI
[2021-01-04 16:52:52,474]{general | INFO}:22 - Starting ilo..Parsing general config
[2021-01-04 16:52:52,475]{general | INFO}:28 - Starting FastAPI
[2021-01-04 16:53:00,842]{general | INFO}:22 - Starting ilo..Parsing general config
[2021-01-04 16:53:00,843]{general | INFO}:28 - Starting FastAPI
[2021-01-04 16:53:03,174]{general | INFO}:22 - Starting ilo..Parsing general config
[2021-01-04 16:53:03,196]{general | INFO}:28 - Starting FastAPI
[2021-01-04 16:53:16,603]{general | INFO}:22 - Starting ilo..Parsing general config
[2021-01-04 16:53:16,604]{general | INFO}:28 - Starting FastAPI
[2021-01-04 16:53:19,952]{general | INFO}:22 - Starting ilo..Parsing general config
[2021-01-04 16:53:19,953]{general | INFO}:28 - Starting FastAPI
[2021-01-04 16:53:21,794]{general | INFO}:22 - Starting ilo..Parsing general config
[2021-01-04 16:53:21,795]{general | INFO}:28 - Starting FastAPI
[2021-01-04 16:53:24,142]{general | INFO}:22 - Starting ilo..Parsing general config
[2021-01-04 16:53:24,143]{general | INFO}:28 - Starting FastAPI
[2021-01-04 16:53:25,948]{general | INFO}:22 - Starting ilo..Parsing general config
[2021-01-04 16:53:25,949]{general | INFO}:28 - Starting FastAPI
[2021-01-04 16:53:28,775]{general | INFO}:22 - Starting ilo..Parsing general config
[2021-01-04 16:53:28,776]{general | INFO}:28 - Starting FastAPI
[2021-01-04 16:53:32,109]{general | INFO}:22 - Starting ilo..Parsing general config
[2021-01-04 16:53:32,110]{general | INFO}:28 - Starting FastAPI
[2021-01-04 16:53:37,450]{general | INFO}:22 - Starting ilo..Parsing general config
[2021-01-04 16:53:37,451]{general | INFO}:28 - Starting FastAPI
[2021-01-04 16:53:39,275]{general | INFO}:22 - Starting ilo..Parsing general config
[2021-01-04 16:53:39,276]{general | INFO}:28 - Starting FastAPI
[2021-01-04 16:53:43,093]{general | INFO}:22 - Starting ilo..Parsing general config
[2021-01-04 16:53:43,094]{general | INFO}:28 - Starting FastAPI
[2021-01-04 16:53:45,439]{general | INFO}:22 - Starting ilo..Parsing general config
[2021-01-04 16:53:45,440]{general | INFO}:28 - Starting FastAPI
[2021-01-04 16:54:17,911]{general | INFO}:22 - Starting ilo..Parsing general config
[2021-01-04 16:54:17,912]{general | INFO}:28 - Starting FastAPI
[2021-01-04 16:54:22,259]{general | INFO}:22 - Starting ilo..Parsing general config
[2021-01-04 16:54:22,259]{general | INFO}:28 - Starting FastAPI
[2021-01-04 16:54:24,583]{general | INFO}:22 - Starting ilo..Parsing general config
[2021-01-04 16:54:24,584]{general | INFO}:28 - Starting FastAPI
[2021-01-04 16:54:30,910]{general | INFO}:22 - Starting ilo..Parsing general config
[2021-01-04 16:54:30,911]{general | INFO}:28 - Starting FastAPI
[2021-01-04 16:54:36,826]{general | INFO}:22 - Starting ilo..Parsing general config
[2021-01-04 16:54:36,827]{general | INFO}:28 - Starting FastAPI
[2021-01-04 16:54:40,183]{general | INFO}:22 - Starting ilo..Parsing general config
[2021-01-04 16:54:40,183]{general | INFO}:28 - Starting FastAPI
[2021-01-04 16:54:43,517]{general | INFO}:22 - Starting ilo..Parsing general config
[2021-01-04 16:54:43,518]{general | INFO}:28 - Starting FastAPI
[2021-01-04 16:54:46,358]{general | INFO}:22 - Starting ilo..Parsing general config
[2021-01-04 16:54:46,359]{general | INFO}:28 - Starting FastAPI
[2021-01-04 16:54:48,714]{general | INFO}:22 - Starting ilo..Parsing general config
[2021-01-04 16:54:48,715]{general | INFO}:28 - Starting FastAPI
[2021-01-04 16:54:58,092]{general | INFO}:22 - Starting ilo..Parsing general config
[2021-01-04 16:54:58,093]{general | INFO}:28 - Starting FastAPI
[2021-01-04 16:54:59,918]{general | INFO}:22 - Starting ilo..Parsing general config
[2021-01-04 16:54:59,919]{general | INFO}:28 - Starting FastAPI
[2021-01-04 16:55:25,427]{general | INFO}:22 - Starting ilo..Parsing general config
[2021-01-04 16:55:25,428]{general | INFO}:28 - Starting FastAPI
[2021-01-04 16:55:40,348]{general | INFO}:23 - Starting ilo..Parsing general config
[2021-01-04 16:55:40,369]{general | INFO}:29 - Starting FastAPI
[2021-01-04 16:55:50,092]{general | INFO}:23 - Starting ilo..Parsing general config
[2021-01-04 16:55:50,115]{general | INFO}:29 - Starting FastAPI
[2021-01-04 16:55:53,948]{general | INFO}:23 - Starting ilo..Parsing general config
[2021-01-04 16:55:53,949]{general | INFO}:29 - Starting FastAPI
[2021-01-04 16:55:57,289]{general | INFO}:23 - Starting ilo..Parsing general config
[2021-01-04 16:55:57,290]{general | INFO}:29 - Starting FastAPI
[2021-01-04 16:58:46,086]{general | INFO}:23 - Starting ilo..Parsing general config
[2021-01-04 16:58:46,087]{general | INFO}:29 - Starting FastAPI
[2021-01-04 17:00:18,722]{general | INFO}:23 - Starting ilo..Parsing general config
[2021-01-04 17:00:18,723]{general | INFO}:29 - Starting FastAPI
[2021-01-04 17:00:23,111]{general | INFO}:23 - Starting ilo..Parsing general config
[2021-01-04 17:00:23,112]{general | INFO}:29 - Starting FastAPI
[2021-01-04 17:00:51,062]{general | INFO}:23 - Starting ilo..Parsing general config
[2021-01-04 17:00:51,063]{general | INFO}:29 - Starting FastAPI
[2021-01-04 17:01:35,741]{general | INFO}:23 - Starting ilo..Parsing general config
[2021-01-04 17:01:35,741]{general | INFO}:29 - Starting FastAPI
[2021-01-04 17:01:38,631]{general | INFO}:23 - Starting ilo..Parsing general config
[2021-01-04 17:01:38,651]{general | INFO}:29 - Starting FastAPI
[2021-01-04 17:01:41,538]{general | INFO}:23 - Starting ilo..Parsing general config
[2021-01-04 17:01:41,539]{general | INFO}:29 - Starting FastAPI
[2021-01-04 17:01:44,407]{general | INFO}:23 - Starting ilo..Parsing general config
[2021-01-04 17:01:44,407]{general | INFO}:29 - Starting FastAPI
[2021-01-04 17:01:47,288]{general | INFO}:23 - Starting ilo..Parsing general config
[2021-01-04 17:01:47,289]{general | INFO}:29 - Starting FastAPI
[2021-01-04 17:02:42,025]{general | INFO}:23 - Starting ilo..Parsing general config
[2021-01-04 17:02:42,026]{general | INFO}:29 - Starting FastAPI
[2021-01-04 17:02:43,846]{general | INFO}:23 - Starting ilo..Parsing general config
[2021-01-04 17:02:43,847]{general | INFO}:29 - Starting FastAPI
[2021-01-04 17:02:47,685]{general | INFO}:23 - Starting ilo..Parsing general config
[2021-01-04 17:02:47,686]{general | INFO}:29 - Starting FastAPI
[2021-01-04 17:02:52,022]{general | INFO}:23 - Starting ilo..Parsing general config
[2021-01-04 17:02:52,023]{general | INFO}:29 - Starting FastAPI
[2021-01-04 17:02:55,382]{general | INFO}:23 - Starting ilo..Parsing general config
[2021-01-04 17:02:55,383]{general | INFO}:29 - Starting FastAPI
[2021-01-04 17:02:57,223]{general | INFO}:23 - Starting ilo..Parsing general config
[2021-01-04 17:02:57,224]{general | INFO}:29 - Starting FastAPI
[2021-01-04 17:07:53,388]{general | INFO}:23 - Starting ilo..Parsing general config
[2021-01-04 17:07:53,389]{general | INFO}:29 - Starting FastAPI
[2021-01-04 17:07:55,227]{general | INFO}:23 - Starting ilo..Parsing general config
[2021-01-04 17:07:55,228]{general | INFO}:29 - Starting FastAPI
[2021-01-04 17:10:10,057]{general | INFO}:23 - Starting ilo..Parsing general config
[2021-01-04 17:10:10,058]{general | INFO}:29 - Starting FastAPI
[2021-01-04 17:10:21,597]{general | INFO}:23 - Starting ilo..Parsing general config
[2021-01-04 17:10:21,598]{general | INFO}:29 - Starting FastAPI
[2021-01-04 17:10:47,591]{general | INFO}:23 - Starting ilo..Parsing general config
[2021-01-04 17:10:47,592]{general | INFO}:29 - Starting FastAPI
[2021-01-04 17:10:50,412]{general | INFO}:23 - Starting ilo..Parsing general config
[2021-01-04 17:10:50,413]{general | INFO}:29 - Starting FastAPI
[2021-01-04 17:10:53,262]{general | INFO}:23 - Starting ilo..Parsing general config
[2021-01-04 17:10:53,263]{general | INFO}:29 - Starting FastAPI
[2021-01-04 17:10:59,114]{general | INFO}:23 - Starting ilo..Parsing general config
[2021-01-04 17:10:59,115]{general | INFO}:29 - Starting FastAPI
[2021-01-04 17:11:00,950]{general | INFO}:23 - Starting ilo..Parsing general config
[2021-01-04 17:11:00,951]{general | INFO}:29 - Starting FastAPI
[2021-01-04 17:11:03,558]{general | INFO}:23 - Starting ilo..Parsing general config
[2021-01-04 17:11:03,560]{general | INFO}:29 - Starting FastAPI
[2021-01-04 17:11:41,671]{general | INFO}:23 - Starting ilo..Parsing general config
[2021-01-04 17:11:41,672]{general | INFO}:29 - Starting FastAPI
[2021-01-04 17:13:17,121]{general | INFO}:23 - Starting ilo..Parsing general config
[2021-01-04 17:13:17,122]{general | INFO}:29 - Starting FastAPI
[2021-01-04 17:13:22,496]{general | INFO}:23 - Starting ilo..Parsing general config
[2021-01-04 17:13:22,497]{general | INFO}:29 - Starting FastAPI
[2021-01-04 17:14:51,237]{general | INFO}:23 - Starting ilo..Parsing general config
[2021-01-04 17:14:51,238]{general | INFO}:29 - Starting FastAPI
[2021-01-04 17:14:55,093]{general | INFO}:23 - Starting ilo..Parsing general config
[2021-01-04 17:14:55,094]{general | INFO}:29 - Starting FastAPI
[2021-01-04 17:15:33,155]{general | INFO}:23 - Starting ilo..Parsing general config
[2021-01-04 17:15:33,156]{general | INFO}:29 - Starting FastAPI
[2021-01-04 17:15:35,499]{general | INFO}:23 - Starting ilo..Parsing general config
[2021-01-04 17:15:35,500]{general | INFO}:29 - Starting FastAPI
[2021-01-04 17:15:41,937]{general | INFO}:23 - Starting ilo..Parsing general config
[2021-01-04 17:15:41,937]{general | INFO}:29 - Starting FastAPI
[2021-01-04 17:15:56,893]{general | INFO}:23 - Starting ilo..Parsing general config
[2021-01-04 17:15:56,893]{general | INFO}:29 - Starting FastAPI
[2021-01-04 17:16:03,255]{general | INFO}:23 - Starting ilo..Parsing general config
[2021-01-04 17:16:03,256]{general | INFO}:29 - Starting FastAPI
[2021-01-04 17:16:50,418]{general | INFO}:23 - Starting ilo..Parsing general config
[2021-01-04 17:16:50,437]{general | INFO}:29 - Starting FastAPI
[2021-01-04 17:16:52,775]{general | INFO}:23 - Starting ilo..Parsing general config
[2021-01-04 17:16:52,776]{general | INFO}:29 - Starting FastAPI
[2021-01-04 17:16:55,109]{general | INFO}:23 - Starting ilo..Parsing general config
[2021-01-04 17:16:55,110]{general | INFO}:29 - Starting FastAPI
[2021-01-04 17:16:56,951]{general | INFO}:23 - Starting ilo..Parsing general config
[2021-01-04 17:16:56,952]{general | INFO}:29 - Starting FastAPI
[2021-01-04 17:16:58,776]{general | INFO}:23 - Starting ilo..Parsing general config
[2021-01-04 17:16:58,778]{general | INFO}:29 - Starting FastAPI
[2021-01-04 17:17:00,604]{general | INFO}:23 - Starting ilo..Parsing general config
[2021-01-04 17:17:00,605]{general | INFO}:29 - Starting FastAPI
[2021-01-04 17:17:11,508]{general | INFO}:23 - Starting ilo..Parsing general config
[2021-01-04 17:17:11,509]{general | INFO}:29 - Starting FastAPI
[2021-01-04 17:17:12,848]{general | INFO}:23 - Starting ilo..Parsing general config
[2021-01-04 17:17:12,850]{general | INFO}:29 - Starting FastAPI
[2021-01-04 17:17:20,725]{general | INFO}:23 - Starting ilo..Parsing general config
[2021-01-04 17:17:20,725]{general | INFO}:29 - Starting FastAPI
[2021-01-04 17:17:26,097]{general | INFO}:23 - Starting ilo..Parsing general config
[2021-01-04 17:17:26,098]{general | INFO}:29 - Starting FastAPI
[2021-01-04 17:17:33,451]{general | INFO}:23 - Starting ilo..Parsing general config
[2021-01-04 17:17:33,452]{general | INFO}:29 - Starting FastAPI
[2021-01-04 17:17:38,337]{general | INFO}:23 - Starting ilo..Parsing general config
[2021-01-04 17:17:38,338]{general | INFO}:29 - Starting FastAPI
[2021-01-04 17:17:51,747]{general | INFO}:23 - Starting ilo..Parsing general config
[2021-01-04 17:17:51,747]{general | INFO}:29 - Starting FastAPI
[2021-01-04 17:17:55,089]{general | INFO}:23 - Starting ilo..Parsing general config
[2021-01-04 17:17:55,090]{general | INFO}:29 - Starting FastAPI
[2021-01-04 17:17:55,931]{general | INFO}:23 - Starting ilo..Parsing general config
[2021-01-04 17:17:55,932]{general | INFO}:29 - Starting FastAPI
[2021-01-04 19:27:34,744]{general | INFO}:23 - Starting ilo..Parsing general config
[2021-01-04 19:27:34,745]{general | INFO}:29 - Starting FastAPI
[2021-01-04 19:27:42,590]{general | INFO}:23 - Starting ilo..Parsing general config
[2021-01-04 19:27:42,590]{general | INFO}:29 - Starting FastAPI
[2021-01-04 19:27:46,440]{general | INFO}:23 - Starting ilo..Parsing general config
[2021-01-04 19:27:46,441]{general | INFO}:29 - Starting FastAPI
[2021-01-04 19:27:52,316]{general | INFO}:23 - Starting ilo..Parsing general config
[2021-01-04 19:27:52,317]{general | INFO}:29 - Starting FastAPI
[2021-01-04 19:27:56,647]{general | INFO}:23 - Starting ilo..Parsing general config
[2021-01-04 19:27:56,647]{general | INFO}:29 - Starting FastAPI
[2021-01-04 19:27:58,463]{general | INFO}:23 - Starting ilo..Parsing general config
[2021-01-04 19:27:58,464]{general | INFO}:29 - Starting FastAPI
[2021-01-04 19:27:59,796]{general | INFO}:23 - Starting ilo..Parsing general config
[2021-01-04 19:27:59,796]{general | INFO}:29 - Starting FastAPI
[2021-01-04 19:28:01,098]{general | INFO}:23 - Starting ilo..Parsing general config
[2021-01-04 19:28:01,099]{general | INFO}:29 - Starting FastAPI
[2021-01-04 19:28:05,420]{general | INFO}:23 - Starting ilo..Parsing general config
[2021-01-04 19:28:05,421]{general | INFO}:29 - Starting FastAPI
[2021-01-04 19:29:15,265]{general | INFO}:23 - Starting ilo..Parsing general config
[2021-01-04 19:29:15,284]{general | INFO}:29 - Starting FastAPI
[2021-01-04 19:29:31,688]{general | INFO}:23 - Starting ilo..Parsing general config
[2021-01-04 19:29:31,689]{general | INFO}:29 - Starting FastAPI
[2021-01-05 20:53:14,668]{general | INFO}:26 - Starting ilo..Parsing general config
[2021-01-05 20:53:14,669]{general | INFO}:32 - Creating Helper
[2021-01-05 20:53:14,673]{general | INFO}:35 - Starting FastAPI
[2021-01-05 20:54:20,021]{general | INFO}:26 - Starting ilo..Parsing general config
[2021-01-05 20:54:20,022]{general | INFO}:32 - Creating Helper
[2021-01-05 20:54:20,025]{general | INFO}:35 - Starting FastAPI
[2021-01-05 20:57:26,252]{general | INFO}:26 - Starting ilo..Parsing general config
[2021-01-05 20:57:26,253]{general | INFO}:32 - Creating Helper
[2021-01-05 20:57:26,257]{general | INFO}:35 - Starting FastAPI
[2021-01-05 20:57:59,799]{general | INFO}:26 - Starting ilo..Parsing general config
[2021-01-05 20:57:59,800]{general | INFO}:32 - Creating Helper
[2021-01-05 20:57:59,802]{general | INFO}:35 - Starting FastAPI
[2021-01-05 20:59:38,575]{general | INFO}:26 - Starting ilo..Parsing general config
[2021-01-05 20:59:38,576]{general | INFO}:32 - Creating Helper
[2021-01-05 20:59:38,578]{general | INFO}:35 - Starting FastAPI
[2021-01-05 21:00:57,764]{general | INFO}:26 - Starting ilo..Parsing general config
[2021-01-05 21:00:57,766]{general | INFO}:32 - Creating Helper
[2021-01-05 21:00:57,770]{general | INFO}:35 - Starting FastAPI
[2021-01-05 21:01:57,717]{general | INFO}:26 - Starting ilo..Parsing general config
[2021-01-05 21:01:57,719]{general | INFO}:32 - Creating Helper
[2021-01-05 21:01:57,722]{general | INFO}:35 - Starting FastAPI
[2021-01-05 21:02:54,625]{general | INFO}:26 - Starting ilo..Parsing general config
[2021-01-05 21:02:54,626]{general | INFO}:32 - Creating Helper
[2021-01-05 21:02:54,627]{general | INFO}:35 - Starting FastAPI
[2021-01-05 21:04:36,317]{general | INFO}:26 - Starting ilo..Parsing general config
[2021-01-05 21:04:36,319]{general | INFO}:32 - Creating Helper
[2021-01-05 21:04:36,322]{general | INFO}:35 - Starting FastAPI
[2021-01-05 21:06:30,755]{general | INFO}:26 - Starting ilo..Parsing general config
[2021-01-05 21:06:30,756]{general | INFO}:32 - Creating Helper
[2021-01-05 21:06:30,757]{general | INFO}:35 - Starting FastAPI
[2021-01-05 21:06:47,233]{general | INFO}:26 - Starting ilo..Parsing general config
[2021-01-05 21:06:47,234]{general | INFO}:32 - Creating Helper
[2021-01-05 21:06:47,236]{general | INFO}:35 - Starting FastAPI
[2021-01-05 21:07:33,680]{general | INFO}:26 - Starting ilo..Parsing general config
[2021-01-05 21:07:33,681]{general | INFO}:32 - Creating Helper
[2021-01-05 21:07:33,683]{general | INFO}:35 - Starting FastAPI
[2021-01-05 21:07:53,760]{general | INFO}:26 - Starting ilo..Parsing general config
[2021-01-05 21:07:53,760]{general | INFO}:32 - Creating Helper
[2021-01-05 21:07:53,762]{general | INFO}:35 - Starting FastAPI
[2021-01-05 21:17:24,503]{general | INFO}:26 - Starting ilo..Parsing general config
[2021-01-05 21:17:24,505]{general | INFO}:32 - Creating Helper
[2021-01-05 21:17:24,510]{general | INFO}:35 - Starting FastAPI
[2021-01-06 13:02:15,871]{general | INFO}:26 - Starting ilo..Parsing general config
[2021-01-06 13:02:15,872]{general | INFO}:32 - Creating Helper
[2021-01-06 13:02:15,877]{general | INFO}:35 - Starting FastAPI
[2021-01-06 13:04:29,244]{general | INFO}:26 - Starting ilo..Parsing general config
[2021-01-06 13:04:29,245]{general | INFO}:32 - Creating Helper
[2021-01-06 13:04:29,248]{general | INFO}:35 - Starting FastAPI
[2021-01-06 13:05:12,349]{general | INFO}:26 - Starting ilo..Parsing general config
[2021-01-06 13:05:12,349]{general | INFO}:32 - Creating Helper
[2021-01-06 13:05:12,351]{general | INFO}:35 - Starting FastAPI
[2021-01-06 13:07:57,034]{general | INFO}:26 - Starting ilo..Parsing general config
[2021-01-06 13:07:57,035]{general | INFO}:32 - Creating Helper
[2021-01-06 13:07:57,037]{general | INFO}:35 - Starting FastAPI
[2021-01-06 13:09:54,117]{general | INFO}:26 - Starting ilo..Parsing general config
[2021-01-06 13:09:54,118]{general | INFO}:32 - Creating Helper
[2021-01-06 13:09:54,119]{general | INFO}:35 - Starting FastAPI
[2021-01-06 13:10:43,523]{general | INFO}:26 - Starting ilo..Parsing general config
[2021-01-06 13:10:43,524]{general | INFO}:32 - Creating Helper
[2021-01-06 13:10:43,526]{general | INFO}:35 - Starting FastAPI
[2021-01-06 13:12:48,969]{general | INFO}:26 - Starting ilo..Parsing general config
[2021-01-06 13:12:48,970]{general | INFO}:32 - Creating Helper
[2021-01-06 13:12:48,972]{general | INFO}:35 - Starting FastAPI
[2021-01-06 13:13:33,778]{general | INFO}:26 - Starting ilo..Parsing general config
[2021-01-06 13:13:33,780]{general | INFO}:32 - Creating Helper
[2021-01-06 13:13:33,784]{general | INFO}:35 - Starting FastAPI
[2021-01-06 13:47:31,335]{general | INFO}:26 - Starting ilo..Parsing general config
[2021-01-06 13:47:31,338]{general | INFO}:32 - Creating Helper
[2021-01-06 13:47:31,343]{general | INFO}:35 - Starting FastAPI
[2021-01-06 13:48:07,670]{general | INFO}:26 - Starting ilo..Parsing general config
[2021-01-06 13:48:07,672]{general | INFO}:32 - Creating Helper
[2021-01-06 13:48:07,676]{general | INFO}:35 - Starting FastAPI
[2021-01-06 14:03:44,749]{general | INFO}:27 - Starting ilo..Parsing general config
[2021-01-06 14:03:44,751]{general | INFO}:33 - Creating Helper
[2021-01-06 14:03:44,755]{general | INFO}:36 - Starting FastAPI
[2021-01-06 14:07:59,235]{general | INFO}:27 - Starting ilo..Parsing general config
[2021-01-06 14:07:59,237]{general | INFO}:33 - Creating Helper
[2021-01-06 14:07:59,241]{general | INFO}:36 - Starting FastAPI
[2021-01-06 14:08:55,215]{general | INFO}:27 - Starting ilo..Parsing general config
[2021-01-06 14:08:55,216]{general | INFO}:33 - Creating Helper
[2021-01-06 14:08:55,219]{general | INFO}:36 - Starting FastAPI
[2021-01-06 14:09:29,391]{general | INFO}:27 - Starting ilo..Parsing general config
[2021-01-06 14:09:29,392]{general | INFO}:33 - Creating Helper
[2021-01-06 14:09:29,396]{general | INFO}:36 - Starting FastAPI
[2021-01-06 14:13:30,080]{general | INFO}:27 - Starting ilo..Parsing general config
[2021-01-06 14:13:30,083]{general | INFO}:33 - Creating Helper
[2021-01-06 14:13:30,088]{general | INFO}:36 - Starting FastAPI
[2021-01-06 14:16:06,208]{general | INFO}:27 - Starting ilo..Parsing general config
[2021-01-06 14:16:06,208]{general | INFO}:33 - Creating Helper
[2021-01-06 14:16:06,210]{general | INFO}:36 - Starting FastAPI
[2021-01-06 14:17:14,150]{general | INFO}:27 - Starting ilo..Parsing general config
[2021-01-06 14:17:14,151]{general | INFO}:33 - Creating Helper
[2021-01-06 14:17:14,156]{general | INFO}:36 - Starting FastAPI
[2021-01-06 14:19:35,658]{general | INFO}:27 - Starting ilo..Parsing general config
[2021-01-06 14:19:35,659]{general | INFO}:33 - Creating Helper
[2021-01-06 14:19:35,661]{general | INFO}:36 - Starting FastAPI
[2021-01-06 14:32:16,122]{general | INFO}:27 - Starting ilo..Parsing general config
[2021-01-06 14:32:16,124]{general | INFO}:33 - Creating Helper
[2021-01-06 14:32:16,129]{general | INFO}:36 - Starting FastAPI
[2021-01-06 14:35:32,589]{general | INFO}:27 - Starting ilo..Parsing general config
[2021-01-06 14:35:32,591]{general | INFO}:33 - Creating Helper
[2021-01-06 14:35:32,595]{general | INFO}:36 - Starting FastAPI
[2021-01-06 14:43:38,015]{general | INFO}:27 - Starting ilo..Parsing general config
[2021-01-06 14:43:38,017]{general | INFO}:33 - Creating Helper
[2021-01-06 14:43:38,020]{general | INFO}:36 - Starting FastAPI
[2021-01-06 14:47:24,303]{general | INFO}:27 - Starting ilo..Parsing general config
[2021-01-06 14:47:24,304]{general | INFO}:33 - Creating Helper
[2021-01-06 14:47:24,311]{general | INFO}:36 - Starting FastAPI
[2021-01-06 14:47:32,177]{general | INFO}:27 - Starting ilo..Parsing general config
[2021-01-06 14:47:32,177]{general | INFO}:33 - Creating Helper
[2021-01-06 14:47:32,181]{general | INFO}:36 - Starting FastAPI
[2021-01-06 14:49:24,179]{general | INFO}:27 - Starting ilo..Parsing general config
[2021-01-06 14:49:24,180]{general | INFO}:33 - Creating Helper
[2021-01-06 14:49:24,186]{general | INFO}:36 - Starting FastAPI
[2021-01-06 14:49:45,103]{general | INFO}:27 - Starting ilo..Parsing general config
[2021-01-06 14:49:45,104]{general | INFO}:33 - Creating Helper
[2021-01-06 14:49:45,107]{general | INFO}:36 - Starting FastAPI
[2021-01-06 14:49:55,288]{general | INFO}:27 - Starting ilo..Parsing general config
[2021-01-06 14:49:55,289]{general | INFO}:33 - Creating Helper
[2021-01-06 14:49:55,292]{general | INFO}:36 - Starting FastAPI
[2021-01-06 14:49:56,314]{general | INFO}:27 - Starting ilo..Parsing general config
[2021-01-06 14:49:56,315]{general | INFO}:33 - Creating Helper
[2021-01-06 14:49:56,318]{general | INFO}:36 - Starting FastAPI
[2021-01-06 14:50:06,289]{general | INFO}:27 - Starting ilo..Parsing general config
[2021-01-06 14:50:06,290]{general | INFO}:33 - Creating Helper
[2021-01-06 14:50:06,293]{general | INFO}:36 - Starting FastAPI
[2021-01-06 14:50:20,703]{general | INFO}:27 - Starting ilo..Parsing general config
[2021-01-06 14:50:20,704]{general | INFO}:33 - Creating Helper
[2021-01-06 14:50:20,707]{general | INFO}:36 - Starting FastAPI
[2021-01-06 14:50:31,581]{general | INFO}:27 - Starting ilo..Parsing general config
[2021-01-06 14:50:31,581]{general | INFO}:33 - Creating Helper
[2021-01-06 14:50:31,584]{general | INFO}:36 - Starting FastAPI
[2021-01-06 14:50:38,970]{general | INFO}:27 - Starting ilo..Parsing general config
[2021-01-06 14:50:38,971]{general | INFO}:33 - Creating Helper
[2021-01-06 14:50:38,975]{general | INFO}:36 - Starting FastAPI
[2021-01-06 14:50:47,887]{general | INFO}:27 - Starting ilo..Parsing general config
[2021-01-06 14:50:47,888]{general | INFO}:33 - Creating Helper
[2021-01-06 14:50:47,891]{general | INFO}:36 - Starting FastAPI
[2021-01-06 14:50:50,727]{general | INFO}:27 - Starting ilo..Parsing general config
[2021-01-06 14:50:50,728]{general | INFO}:33 - Creating Helper
[2021-01-06 14:50:50,731]{general | INFO}:36 - Starting FastAPI
[2021-01-06 14:50:53,112]{general | INFO}:27 - Starting ilo..Parsing general config
[2021-01-06 14:50:53,113]{general | INFO}:33 - Creating Helper
[2021-01-06 14:50:53,116]{general | INFO}:36 - Starting FastAPI
[2021-01-06 14:51:02,996]{general | INFO}:27 - Starting ilo..Parsing general config
[2021-01-06 14:51:02,996]{general | INFO}:33 - Creating Helper
[2021-01-06 14:51:02,999]{general | INFO}:36 - Starting FastAPI
[2021-01-06 14:51:26,472]{general | INFO}:27 - Starting ilo..Parsing general config
[2021-01-06 14:51:26,473]{general | INFO}:33 - Creating Helper
[2021-01-06 14:51:26,476]{general | INFO}:36 - Starting FastAPI
[2021-01-06 14:51:37,405]{general | INFO}:27 - Starting ilo..Parsing general config
[2021-01-06 14:51:37,406]{general | INFO}:33 - Creating Helper
[2021-01-06 14:51:37,409]{general | INFO}:36 - Starting FastAPI
[2021-01-06 14:51:48,580]{general | INFO}:27 - Starting ilo..Parsing general config
[2021-01-06 14:51:48,598]{general | INFO}:33 - Creating Helper
[2021-01-06 14:51:48,602]{general | INFO}:36 - Starting FastAPI
[2021-01-06 14:51:53,444]{general | INFO}:27 - Starting ilo..Parsing general config
[2021-01-06 14:51:53,445]{general | INFO}:33 - Creating Helper
[2021-01-06 14:51:53,448]{general | INFO}:36 - Starting FastAPI
[2021-01-06 14:52:00,806]{general | INFO}:27 - Starting ilo..Parsing general config
[2021-01-06 14:52:00,807]{general | INFO}:33 - Creating Helper
[2021-01-06 14:52:00,810]{general | INFO}:36 - Starting FastAPI
[2021-01-06 14:52:07,657]{general | INFO}:27 - Starting ilo..Parsing general config
[2021-01-06 14:52:07,658]{general | INFO}:33 - Creating Helper
[2021-01-06 14:52:07,661]{general | INFO}:36 - Starting FastAPI
[2021-01-06 14:52:23,636]{general | INFO}:27 - Starting ilo..Parsing general config
[2021-01-06 14:52:23,637]{general | INFO}:33 - Creating Helper
[2021-01-06 14:52:23,641]{general | INFO}:36 - Starting FastAPI
[2021-01-06 14:52:27,497]{general | INFO}:27 - Starting ilo..Parsing general config
[2021-01-06 14:52:27,498]{general | INFO}:33 - Creating Helper
[2021-01-06 14:52:27,501]{general | INFO}:36 - Starting FastAPI
[2021-01-06 14:52:30,306]{general | INFO}:27 - Starting ilo..Parsing general config
[2021-01-06 14:52:30,307]{general | INFO}:33 - Creating Helper
[2021-01-06 14:52:30,310]{general | INFO}:36 - Starting FastAPI
[2021-01-06 14:52:33,644]{general | INFO}:27 - Starting ilo..Parsing general config
[2021-01-06 14:52:33,645]{general | INFO}:33 - Creating Helper
[2021-01-06 14:52:33,648]{general | INFO}:36 - Starting FastAPI
[2021-01-06 14:52:35,961]{general | INFO}:27 - Starting ilo..Parsing general config
[2021-01-06 14:52:35,962]{general | INFO}:33 - Creating Helper
[2021-01-06 14:52:35,965]{general | INFO}:36 - Starting FastAPI
[2021-01-06 14:52:38,282]{general | INFO}:27 - Starting ilo..Parsing general config
[2021-01-06 14:52:38,283]{general | INFO}:33 - Creating Helper
[2021-01-06 14:52:38,286]{general | INFO}:36 - Starting FastAPI
[2021-01-06 14:52:42,609]{general | INFO}:27 - Starting ilo..Parsing general config
[2021-01-06 14:52:42,610]{general | INFO}:33 - Creating Helper
[2021-01-06 14:52:42,613]{general | INFO}:36 - Starting FastAPI
[2021-01-06 14:52:45,928]{general | INFO}:27 - Starting ilo..Parsing general config
[2021-01-06 14:52:45,929]{general | INFO}:33 - Creating Helper
[2021-01-06 14:52:45,932]{general | INFO}:36 - Starting FastAPI
[2021-01-06 14:52:49,253]{general | INFO}:27 - Starting ilo..Parsing general config
[2021-01-06 14:52:49,254]{general | INFO}:33 - Creating Helper
[2021-01-06 14:52:49,257]{general | INFO}:36 - Starting FastAPI
[2021-01-06 14:52:51,605]{general | INFO}:27 - Starting ilo..Parsing general config
[2021-01-06 14:52:51,606]{general | INFO}:33 - Creating Helper
[2021-01-06 14:52:51,609]{general | INFO}:36 - Starting FastAPI
[2021-01-06 14:52:52,930]{general | INFO}:27 - Starting ilo..Parsing general config
[2021-01-06 14:52:52,931]{general | INFO}:33 - Creating Helper
[2021-01-06 14:52:52,934]{general | INFO}:36 - Starting FastAPI
[2021-01-06 14:52:55,256]{general | INFO}:27 - Starting ilo..Parsing general config
[2021-01-06 14:52:55,257]{general | INFO}:33 - Creating Helper
[2021-01-06 14:52:55,260]{general | INFO}:36 - Starting FastAPI
[2021-01-06 14:52:58,607]{general | INFO}:27 - Starting ilo..Parsing general config
[2021-01-06 14:52:58,608]{general | INFO}:33 - Creating Helper
[2021-01-06 14:52:58,611]{general | INFO}:36 - Starting FastAPI
[2021-01-06 14:53:00,432]{general | INFO}:27 - Starting ilo..Parsing general config
[2021-01-06 14:53:00,433]{general | INFO}:33 - Creating Helper
[2021-01-06 14:53:00,436]{general | INFO}:36 - Starting FastAPI
[2021-01-06 14:54:07,599]{general | INFO}:27 - Starting ilo..Parsing general config
[2021-01-06 14:54:07,600]{general | INFO}:33 - Creating Helper
[2021-01-06 14:54:07,603]{general | INFO}:36 - Starting FastAPI
[2021-01-06 14:54:09,967]{general | INFO}:27 - Starting ilo..Parsing general config
[2021-01-06 14:54:09,967]{general | INFO}:33 - Creating Helper
[2021-01-06 14:54:09,971]{general | INFO}:36 - Starting FastAPI
[2021-01-06 14:54:11,296]{general | INFO}:27 - Starting ilo..Parsing general config
[2021-01-06 14:54:11,297]{general | INFO}:33 - Creating Helper
[2021-01-06 14:54:11,299]{general | INFO}:36 - Starting FastAPI
[2021-01-06 14:54:13,638]{general | INFO}:27 - Starting ilo..Parsing general config
[2021-01-06 14:54:13,639]{general | INFO}:33 - Creating Helper
[2021-01-06 14:54:13,642]{general | INFO}:36 - Starting FastAPI
[2021-01-06 14:54:34,089]{general | INFO}:27 - Starting ilo..Parsing general config
[2021-01-06 14:54:34,090]{general | INFO}:33 - Creating Helper
[2021-01-06 14:54:34,092]{general | INFO}:36 - Starting FastAPI
[2021-01-06 14:54:36,929]{general | INFO}:27 - Starting ilo..Parsing general config
[2021-01-06 14:54:36,930]{general | INFO}:33 - Creating Helper
[2021-01-06 14:54:36,933]{general | INFO}:36 - Starting FastAPI
[2021-01-06 14:54:39,552]{general | INFO}:27 - Starting ilo..Parsing general config
[2021-01-06 14:54:39,553]{general | INFO}:33 - Creating Helper
[2021-01-06 14:54:39,556]{general | INFO}:36 - Starting FastAPI
[2021-01-06 14:54:41,399]{general | INFO}:27 - Starting ilo..Parsing general config
[2021-01-06 14:54:41,400]{general | INFO}:33 - Creating Helper
[2021-01-06 14:54:41,403]{general | INFO}:36 - Starting FastAPI
[2021-01-06 14:54:43,757]{general | INFO}:27 - Starting ilo..Parsing general config
[2021-01-06 14:54:43,757]{general | INFO}:33 - Creating Helper
[2021-01-06 14:54:43,761]{general | INFO}:36 - Starting FastAPI
[2021-01-06 14:54:46,622]{general | INFO}:27 - Starting ilo..Parsing general config
[2021-01-06 14:54:46,622]{general | INFO}:33 - Creating Helper
[2021-01-06 14:54:46,626]{general | INFO}:36 - Starting FastAPI
[2021-01-06 14:54:47,447]{general | INFO}:27 - Starting ilo..Parsing general config
[2021-01-06 14:54:47,448]{general | INFO}:33 - Creating Helper
[2021-01-06 14:54:47,451]{general | INFO}:36 - Starting FastAPI
[2021-01-06 14:54:58,321]{general | INFO}:27 - Starting ilo..Parsing general config
[2021-01-06 14:54:58,322]{general | INFO}:33 - Creating Helper
[2021-01-06 14:54:58,325]{general | INFO}:36 - Starting FastAPI
[2021-01-06 14:57:02,033]{general | INFO}:27 - Starting ilo..Parsing general config
[2021-01-06 14:57:02,034]{general | INFO}:33 - Creating Helper
[2021-01-06 14:57:02,038]{general | INFO}:36 - Starting FastAPI
[2021-01-06 14:57:06,901]{general | INFO}:27 - Starting ilo..Parsing general config
[2021-01-06 14:57:06,902]{general | INFO}:33 - Creating Helper
[2021-01-06 14:57:06,905]{general | INFO}:36 - Starting FastAPI
[2021-01-06 14:58:28,879]{general | INFO}:27 - Starting ilo..Parsing general config
[2021-01-06 14:58:28,879]{general | INFO}:33 - Creating Helper
[2021-01-06 14:58:28,883]{general | INFO}:36 - Starting FastAPI
[2021-01-06 14:58:34,550]{general | INFO}:27 - Starting ilo..Parsing general config
[2021-01-06 14:58:34,550]{general | INFO}:33 - Creating Helper
[2021-01-06 14:58:34,554]{general | INFO}:36 - Starting FastAPI
[2021-01-06 14:58:43,922]{general | INFO}:27 - Starting ilo..Parsing general config
[2021-01-06 14:58:43,923]{general | INFO}:33 - Creating Helper
[2021-01-06 14:58:43,926]{general | INFO}:36 - Starting FastAPI
[2021-01-06 14:59:14,438]{general | INFO}:27 - Starting ilo..Parsing general config
[2021-01-06 14:59:14,439]{general | INFO}:33 - Creating Helper
[2021-01-06 14:59:14,442]{general | INFO}:36 - Starting FastAPI
[2021-01-06 14:59:57,028]{general | INFO}:27 - Starting ilo..Parsing general config
[2021-01-06 14:59:57,048]{general | INFO}:33 - Creating Helper
[2021-01-06 14:59:57,055]{general | INFO}:36 - Starting FastAPI
[2021-01-06 15:00:00,400]{general | INFO}:27 - Starting ilo..Parsing general config
[2021-01-06 15:00:00,401]{general | INFO}:33 - Creating Helper
[2021-01-06 15:00:00,404]{general | INFO}:36 - Starting FastAPI
[2021-01-06 15:00:02,748]{general | INFO}:27 - Starting ilo..Parsing general config
[2021-01-06 15:00:02,749]{general | INFO}:33 - Creating Helper
[2021-01-06 15:00:02,753]{general | INFO}:36 - Starting FastAPI
[2021-01-06 15:00:06,593]{general | INFO}:27 - Starting ilo..Parsing general config
[2021-01-06 15:00:06,594]{general | INFO}:33 - Creating Helper
[2021-01-06 15:00:06,597]{general | INFO}:36 - Starting FastAPI
[2021-01-06 15:00:07,962]{general | INFO}:27 - Starting ilo..Parsing general config
[2021-01-06 15:00:07,962]{general | INFO}:33 - Creating Helper
[2021-01-06 15:00:07,966]{general | INFO}:36 - Starting FastAPI
[2021-01-06 15:00:30,421]{general | INFO}:27 - Starting ilo..Parsing general config
[2021-01-06 15:00:30,421]{general | INFO}:33 - Creating Helper
[2021-01-06 15:00:30,425]{general | INFO}:36 - Starting FastAPI
[2021-01-06 15:00:38,270]{general | INFO}:27 - Starting ilo..Parsing general config
[2021-01-06 15:00:38,271]{general | INFO}:33 - Creating Helper
[2021-01-06 15:00:38,274]{general | INFO}:36 - Starting FastAPI
[2021-01-06 15:01:00,812]{general | INFO}:27 - Starting ilo..Parsing general config
[2021-01-06 15:01:00,813]{general | INFO}:33 - Creating Helper
[2021-01-06 15:01:00,817]{general | INFO}:36 - Starting FastAPI
[2021-01-06 15:01:08,725]{general | INFO}:27 - Starting ilo..Parsing general config
[2021-01-06 15:01:08,726]{general | INFO}:33 - Creating Helper
[2021-01-06 15:01:08,729]{general | INFO}:36 - Starting FastAPI
[2021-01-06 15:01:15,116]{general | INFO}:27 - Starting ilo..Parsing general config
[2021-01-06 15:01:15,117]{general | INFO}:33 - Creating Helper
[2021-01-06 15:01:15,119]{general | INFO}:36 - Starting FastAPI
[2021-01-06 15:01:17,949]{general | INFO}:27 - Starting ilo..Parsing general config
[2021-01-06 15:01:17,950]{general | INFO}:33 - Creating Helper
[2021-01-06 15:01:17,954]{general | INFO}:36 - Starting FastAPI
[2021-01-06 15:01:20,290]{general | INFO}:27 - Starting ilo..Parsing general config
[2021-01-06 15:01:20,291]{general | INFO}:33 - Creating Helper
[2021-01-06 15:01:20,295]{general | INFO}:36 - Starting FastAPI
[2021-01-06 15:02:45,082]{general | INFO}:27 - Starting ilo..Parsing general config
[2021-01-06 15:02:45,083]{general | INFO}:33 - Creating Helper
[2021-01-06 15:02:45,086]{general | INFO}:36 - Starting FastAPI
[2021-01-06 15:02:47,435]{general | INFO}:27 - Starting ilo..Parsing general config
[2021-01-06 15:02:47,436]{general | INFO}:33 - Creating Helper
[2021-01-06 15:02:47,439]{general | INFO}:36 - Starting FastAPI
[2021-01-06 15:04:23,614]{general | INFO}:27 - Starting ilo..Parsing general config
[2021-01-06 15:04:23,615]{general | INFO}:33 - Creating Helper
[2021-01-06 15:04:23,623]{general | INFO}:36 - Starting FastAPI
[2021-01-06 15:06:03,201]{general | INFO}:27 - Starting ilo..Parsing general config
[2021-01-06 15:06:03,202]{general | INFO}:33 - Creating Helper
[2021-01-06 15:06:03,208]{general | INFO}:36 - Starting FastAPI
[2021-01-06 15:06:11,594]{general | INFO}:27 - Starting ilo..Parsing general config
[2021-01-06 15:06:11,595]{general | INFO}:33 - Creating Helper
[2021-01-06 15:06:11,598]{general | INFO}:36 - Starting FastAPI
[2021-01-06 15:08:30,252]{general | INFO}:27 - Starting ilo..Parsing general config
[2021-01-06 15:08:30,253]{general | INFO}:33 - Creating Helper
[2021-01-06 15:08:30,261]{general | INFO}:36 - Starting FastAPI
[2021-01-06 15:10:02,086]{general | INFO}:27 - Starting ilo..Parsing general config
[2021-01-06 15:10:02,087]{general | INFO}:33 - Creating Helper
[2021-01-06 15:10:02,091]{general | INFO}:36 - Starting FastAPI
[2021-01-06 15:11:47,356]{general | INFO}:27 - Starting ilo..Parsing general config
[2021-01-06 15:11:47,357]{general | INFO}:33 - Creating Helper
[2021-01-06 15:11:47,366]{general | INFO}:36 - Starting FastAPI
[2021-01-06 15:11:53,827]{general | INFO}:27 - Starting ilo..Parsing general config
[2021-01-06 15:11:53,828]{general | INFO}:33 - Creating Helper
[2021-01-06 15:11:53,831]{general | INFO}:36 - Starting FastAPI
[2021-01-06 15:16:55,510]{general | INFO}:27 - Starting ilo..Parsing general config
[2021-01-06 15:16:55,511]{general | INFO}:33 - Creating Helper
[2021-01-06 15:16:55,514]{general | INFO}:36 - Starting FastAPI
[2021-01-06 15:16:57,358]{general | INFO}:27 - Starting ilo..Parsing general config
[2021-01-06 15:16:57,359]{general | INFO}:33 - Creating Helper
[2021-01-06 15:16:57,362]{general | INFO}:36 - Starting FastAPI
[2021-01-06 15:17:04,230]{general | INFO}:27 - Starting ilo..Parsing general config
[2021-01-06 15:17:04,231]{general | INFO}:33 - Creating Helper
[2021-01-06 15:17:04,234]{general | INFO}:36 - Starting FastAPI
[2021-01-06 15:17:18,670]{general | INFO}:27 - Starting ilo..Parsing general config
[2021-01-06 15:17:18,671]{general | INFO}:33 - Creating Helper
[2021-01-06 15:17:18,675]{general | INFO}:36 - Starting FastAPI
[2021-01-06 15:17:22,515]{general | INFO}:27 - Starting ilo..Parsing general config
[2021-01-06 15:17:22,515]{general | INFO}:33 - Creating Helper
[2021-01-06 15:17:22,518]{general | INFO}:36 - Starting FastAPI
[2021-01-06 15:17:26,889]{general | INFO}:27 - Starting ilo..Parsing general config
[2021-01-06 15:17:26,891]{general | INFO}:33 - Creating Helper
[2021-01-06 15:17:26,894]{general | INFO}:36 - Starting FastAPI
[2021-01-06 15:17:31,223]{general | INFO}:27 - Starting ilo..Parsing general config
[2021-01-06 15:17:31,224]{general | INFO}:33 - Creating Helper
[2021-01-06 15:17:31,226]{general | INFO}:36 - Starting FastAPI
[2021-01-06 15:17:32,539]{general | INFO}:27 - Starting ilo..Parsing general config
[2021-01-06 15:17:32,540]{general | INFO}:33 - Creating Helper
[2021-01-06 15:17:32,543]{general | INFO}:36 - Starting FastAPI
[2021-01-06 15:17:34,346]{general | INFO}:27 - Starting ilo..Parsing general config
[2021-01-06 15:17:34,347]{general | INFO}:33 - Creating Helper
[2021-01-06 15:17:34,350]{general | INFO}:36 - Starting FastAPI
[2021-01-06 15:17:38,686]{general | INFO}:27 - Starting ilo..Parsing general config
[2021-01-06 15:17:38,687]{general | INFO}:33 - Creating Helper
[2021-01-06 15:17:38,690]{general | INFO}:36 - Starting FastAPI
[2021-01-06 15:17:49,075]{general | INFO}:27 - Starting ilo..Parsing general config
[2021-01-06 15:17:49,076]{general | INFO}:33 - Creating Helper
[2021-01-06 15:17:49,079]{general | INFO}:36 - Starting FastAPI
[2021-01-06 15:17:51,379]{general | INFO}:27 - Starting ilo..Parsing general config
[2021-01-06 15:17:51,379]{general | INFO}:33 - Creating Helper
[2021-01-06 15:17:51,382]{general | INFO}:36 - Starting FastAPI
[2021-01-06 15:17:53,211]{general | INFO}:27 - Starting ilo..Parsing general config
[2021-01-06 15:17:53,212]{general | INFO}:33 - Creating Helper
[2021-01-06 15:17:53,215]{general | INFO}:36 - Starting FastAPI
[2021-01-06 15:17:57,063]{general | INFO}:27 - Starting ilo..Parsing general config
[2021-01-06 15:17:57,064]{general | INFO}:33 - Creating Helper
[2021-01-06 15:17:57,068]{general | INFO}:36 - Starting FastAPI
[2021-01-06 15:17:58,405]{general | INFO}:27 - Starting ilo..Parsing general config
[2021-01-06 15:17:58,406]{general | INFO}:33 - Creating Helper
[2021-01-06 15:17:58,409]{general | INFO}:36 - Starting FastAPI
[2021-01-06 15:17:59,740]{general | INFO}:27 - Starting ilo..Parsing general config
[2021-01-06 15:17:59,741]{general | INFO}:33 - Creating Helper
[2021-01-06 15:17:59,744]{general | INFO}:36 - Starting FastAPI
[2021-01-06 15:18:01,565]{general | INFO}:27 - Starting ilo..Parsing general config
[2021-01-06 15:18:01,566]{general | INFO}:33 - Creating Helper
[2021-01-06 15:18:01,569]{general | INFO}:36 - Starting FastAPI
[2021-01-06 15:18:04,915]{general | INFO}:27 - Starting ilo..Parsing general config
[2021-01-06 15:18:04,915]{general | INFO}:33 - Creating Helper
[2021-01-06 15:18:04,919]{general | INFO}:36 - Starting FastAPI
[2021-01-06 15:18:17,836]{general | INFO}:27 - Starting ilo..Parsing general config
[2021-01-06 15:18:17,837]{general | INFO}:33 - Creating Helper
[2021-01-06 15:18:17,841]{general | INFO}:36 - Starting FastAPI
[2021-01-06 15:18:22,212]{general | INFO}:27 - Starting ilo..Parsing general config
[2021-01-06 15:18:22,213]{general | INFO}:33 - Creating Helper
[2021-01-06 15:18:22,216]{general | INFO}:36 - Starting FastAPI
[2021-01-06 15:18:29,125]{general | INFO}:27 - Starting ilo..Parsing general config
[2021-01-06 15:18:29,125]{general | INFO}:33 - Creating Helper
[2021-01-06 15:18:29,129]{general | INFO}:36 - Starting FastAPI
[2021-01-06 15:18:38,983]{general | INFO}:27 - Starting ilo..Parsing general config
[2021-01-06 15:18:38,984]{general | INFO}:33 - Creating Helper
[2021-01-06 15:18:38,988]{general | INFO}:36 - Starting FastAPI
[2021-01-06 15:18:48,379]{general | INFO}:27 - Starting ilo..Parsing general config
[2021-01-06 15:18:48,380]{general | INFO}:33 - Creating Helper
[2021-01-06 15:18:48,383]{general | INFO}:36 - Starting FastAPI
[2021-01-06 15:19:03,331]{general | INFO}:27 - Starting ilo..Parsing general config
[2021-01-06 15:19:03,332]{general | INFO}:33 - Creating Helper
[2021-01-06 15:19:03,335]{general | INFO}:36 - Starting FastAPI
[2021-01-06 15:19:06,698]{general | INFO}:27 - Starting ilo..Parsing general config
[2021-01-06 15:19:06,699]{general | INFO}:33 - Creating Helper
[2021-01-06 15:19:06,702]{general | INFO}:36 - Starting FastAPI
[2021-01-06 15:19:09,049]{general | INFO}:27 - Starting ilo..Parsing general config
[2021-01-06 15:19:09,050]{general | INFO}:33 - Creating Helper
[2021-01-06 15:19:09,053]{general | INFO}:36 - Starting FastAPI
[2021-01-06 15:19:16,396]{general | INFO}:26 - Starting ilo..Parsing general config
[2021-01-06 15:19:16,412]{general | INFO}:32 - Creating Helper
[2021-01-06 15:19:16,417]{general | INFO}:35 - Starting FastAPI
[2021-01-06 15:19:29,152]{general | INFO}:27 - Starting ilo..Parsing general config
[2021-01-06 15:19:29,154]{general | INFO}:33 - Creating Helper
[2021-01-06 15:19:29,189]{general | INFO}:36 - Starting FastAPI
[2021-01-06 15:19:36,094]{general | INFO}:27 - Starting ilo..Parsing general config
[2021-01-06 15:19:36,095]{general | INFO}:33 - Creating Helper
[2021-01-06 15:19:36,099]{general | INFO}:36 - Starting FastAPI
[2021-01-06 15:19:43,995]{general | INFO}:27 - Starting ilo..Parsing general config
[2021-01-06 15:19:43,996]{general | INFO}:33 - Creating Helper
[2021-01-06 15:19:43,999]{general | INFO}:36 - Starting FastAPI
[2021-01-06 15:19:49,889]{general | INFO}:27 - Starting ilo..Parsing general config
[2021-01-06 15:19:49,890]{general | INFO}:33 - Creating Helper
[2021-01-06 15:19:49,894]{general | INFO}:36 - Starting FastAPI
[2021-01-06 15:19:57,260]{general | INFO}:27 - Starting ilo..Parsing general config
[2021-01-06 15:19:57,261]{general | INFO}:33 - Creating Helper
[2021-01-06 15:19:57,265]{general | INFO}:36 - Starting FastAPI
[2021-01-06 15:19:59,120]{general | INFO}:27 - Starting ilo..Parsing general config
[2021-01-06 15:19:59,121]{general | INFO}:33 - Creating Helper
[2021-01-06 15:19:59,124]{general | INFO}:36 - Starting FastAPI
[2021-01-06 15:20:01,949]{general | INFO}:27 - Starting ilo..Parsing general config
[2021-01-06 15:20:01,950]{general | INFO}:33 - Creating Helper
[2021-01-06 15:20:01,952]{general | INFO}:36 - Starting FastAPI
[2021-01-06 15:20:05,353]{general | INFO}:27 - Starting ilo..Parsing general config
[2021-01-06 15:20:05,354]{general | INFO}:33 - Creating Helper
[2021-01-06 15:20:05,357]{general | INFO}:36 - Starting FastAPI
[2021-01-06 15:20:06,662]{general | INFO}:27 - Starting ilo..Parsing general config
[2021-01-06 15:20:06,663]{general | INFO}:33 - Creating Helper
[2021-01-06 15:20:06,666]{general | INFO}:36 - Starting FastAPI
[2021-01-06 15:20:31,296]{general | INFO}:27 - Starting ilo..Parsing general config
[2021-01-06 15:20:31,296]{general | INFO}:33 - Creating Helper
[2021-01-06 15:20:31,300]{general | INFO}:36 - Starting FastAPI
[2021-01-06 15:20:44,356]{general | INFO}:27 - Starting ilo..Parsing general config
[2021-01-06 15:20:44,357]{general | INFO}:33 - Creating Helper
[2021-01-06 15:20:44,360]{general | INFO}:36 - Starting FastAPI
[2021-01-06 15:21:14,364]{general | INFO}:26 - Starting ilo..Parsing general config
[2021-01-06 15:21:14,365]{general | INFO}:32 - Creating Helper
[2021-01-06 15:21:14,368]{general | INFO}:35 - Starting FastAPI
[2021-01-06 15:22:39,659]{general | INFO}:26 - Starting ilo..Parsing general config
[2021-01-06 15:22:39,660]{general | INFO}:32 - Creating Helper
[2021-01-06 15:22:39,664]{general | INFO}:35 - Starting FastAPI
[2021-01-06 15:22:58,694]{general | INFO}:26 - Starting ilo..Parsing general config
[2021-01-06 15:22:58,695]{general | INFO}:32 - Creating Helper
[2021-01-06 15:22:58,699]{general | INFO}:35 - Starting FastAPI
[2021-01-06 15:23:02,575]{general | INFO}:26 - Starting ilo..Parsing general config
[2021-01-06 15:23:02,576]{general | INFO}:32 - Creating Helper
[2021-01-06 15:23:02,579]{general | INFO}:35 - Starting FastAPI
[2021-01-06 15:23:14,278]{general | INFO}:26 - Starting ilo..Parsing general config
[2021-01-06 15:23:14,295]{general | INFO}:32 - Creating Helper
[2021-01-06 15:23:14,300]{general | INFO}:35 - Starting FastAPI
[2021-01-06 15:23:19,691]{general | INFO}:26 - Starting ilo..Parsing general config
[2021-01-06 15:23:19,692]{general | INFO}:32 - Creating Helper
[2021-01-06 15:23:19,696]{general | INFO}:35 - Starting FastAPI
[2021-01-06 15:23:48,183]{general | INFO}:26 - Starting ilo..Parsing general config
[2021-01-06 15:23:48,184]{general | INFO}:32 - Creating Helper
[2021-01-06 15:23:48,188]{general | INFO}:35 - Starting FastAPI
[2021-01-06 15:24:01,618]{general | INFO}:26 - Starting ilo..Parsing general config
[2021-01-06 15:24:01,619]{general | INFO}:32 - Creating Helper
[2021-01-06 15:24:01,623]{general | INFO}:35 - Starting FastAPI
[2021-01-06 15:24:36,193]{general | INFO}:26 - Starting ilo..Parsing general config
[2021-01-06 15:24:36,194]{general | INFO}:32 - Creating Helper
[2021-01-06 15:24:36,197]{general | INFO}:35 - Starting FastAPI
[2021-01-06 15:24:43,069]{general | INFO}:26 - Starting ilo..Parsing general config
[2021-01-06 15:24:43,070]{general | INFO}:32 - Creating Helper
[2021-01-06 15:24:43,073]{general | INFO}:35 - Starting FastAPI
[2021-01-06 15:24:45,403]{general | INFO}:26 - Starting ilo..Parsing general config
[2021-01-06 15:24:45,404]{general | INFO}:32 - Creating Helper
[2021-01-06 15:24:45,407]{general | INFO}:35 - Starting FastAPI
[2021-01-06 15:24:52,300]{general | INFO}:26 - Starting ilo..Parsing general config
[2021-01-06 15:24:52,301]{general | INFO}:32 - Creating Helper
[2021-01-06 15:24:52,304]{general | INFO}:35 - Starting FastAPI
[2021-01-06 15:25:02,200]{general | INFO}:26 - Starting ilo..Parsing general config
[2021-01-06 15:25:02,201]{general | INFO}:32 - Creating Helper
[2021-01-06 15:25:02,204]{general | INFO}:35 - Starting FastAPI
[2021-01-06 15:25:46,791]{general | INFO}:26 - Starting ilo..Parsing general config
[2021-01-06 15:25:46,792]{general | INFO}:32 - Creating Helper
[2021-01-06 15:25:46,795]{general | INFO}:35 - Starting FastAPI
[2021-01-06 15:25:55,719]{general | INFO}:26 - Starting ilo..Parsing general config
[2021-01-06 15:25:55,720]{general | INFO}:32 - Creating Helper
[2021-01-06 15:25:55,723]{general | INFO}:35 - Starting FastAPI
[2021-01-06 15:25:59,598]{general | INFO}:26 - Starting ilo..Parsing general config
[2021-01-06 15:25:59,599]{general | INFO}:32 - Creating Helper
[2021-01-06 15:25:59,602]{general | INFO}:35 - Starting FastAPI
[2021-01-06 15:26:06,506]{general | INFO}:26 - Starting ilo..Parsing general config
[2021-01-06 15:26:06,507]{general | INFO}:32 - Creating Helper
[2021-01-06 15:26:06,511]{general | INFO}:35 - Starting FastAPI
[2021-01-06 15:26:28,987]{general | INFO}:26 - Starting ilo..Parsing general config
[2021-01-06 15:26:28,988]{general | INFO}:32 - Creating Helper
[2021-01-06 15:26:28,992]{general | INFO}:35 - Starting FastAPI
[2021-01-06 15:26:33,326]{general | INFO}:26 - Starting ilo..Parsing general config
[2021-01-06 15:26:33,327]{general | INFO}:32 - Creating Helper
[2021-01-06 15:26:33,330]{general | INFO}:35 - Starting FastAPI
[2021-01-06 15:26:42,740]{general | INFO}:26 - Starting ilo..Parsing general config
[2021-01-06 15:26:42,741]{general | INFO}:32 - Creating Helper
[2021-01-06 15:26:42,744]{general | INFO}:35 - Starting FastAPI
[2021-01-06 15:26:49,123]{general | INFO}:26 - Starting ilo..Parsing general config
[2021-01-06 15:26:49,124]{general | INFO}:32 - Creating Helper
[2021-01-06 15:26:49,128]{general | INFO}:35 - Starting FastAPI
[2021-01-06 15:29:00,744]{general | INFO}:26 - Starting ilo..Parsing general config
[2021-01-06 15:29:00,745]{general | INFO}:32 - Creating Helper
[2021-01-06 15:29:00,756]{general | INFO}:35 - Starting FastAPI
[2021-01-06 15:29:05,123]{general | INFO}:26 - Starting ilo..Parsing general config
[2021-01-06 15:29:05,124]{general | INFO}:32 - Creating Helper
[2021-01-06 15:29:05,127]{general | INFO}:35 - Starting FastAPI
[2021-01-06 15:35:01,091]{general | INFO}:26 - Starting ilo..Parsing general config
[2021-01-06 15:35:01,092]{general | INFO}:32 - Creating Helper
[2021-01-06 15:35:01,099]{general | INFO}:35 - Starting FastAPI
[2021-01-06 15:35:04,953]{general | INFO}:26 - Starting ilo..Parsing general config
[2021-01-06 15:35:04,954]{general | INFO}:32 - Creating Helper
[2021-01-06 15:35:04,957]{general | INFO}:35 - Starting FastAPI
[2021-01-06 15:35:08,340]{general | INFO}:26 - Starting ilo..Parsing general config
[2021-01-06 15:35:08,341]{general | INFO}:32 - Creating Helper
[2021-01-06 15:35:08,344]{general | INFO}:35 - Starting FastAPI
[2021-01-06 15:35:10,216]{general | INFO}:26 - Starting ilo..Parsing general config
[2021-01-06 15:35:10,217]{general | INFO}:32 - Creating Helper
[2021-01-06 15:35:10,221]{general | INFO}:35 - Starting FastAPI
[2021-01-06 15:35:12,052]{general | INFO}:26 - Starting ilo..Parsing general config
[2021-01-06 15:35:12,053]{general | INFO}:32 - Creating Helper
[2021-01-06 15:35:12,056]{general | INFO}:35 - Starting FastAPI
[2021-01-06 15:35:14,385]{general | INFO}:26 - Starting ilo..Parsing general config
[2021-01-06 15:35:14,386]{general | INFO}:32 - Creating Helper
[2021-01-06 15:35:14,389]{general | INFO}:35 - Starting FastAPI
[2021-01-06 15:35:31,344]{general | INFO}:26 - Starting ilo..Parsing general config
[2021-01-06 15:35:31,345]{general | INFO}:32 - Creating Helper
[2021-01-06 15:35:31,348]{general | INFO}:35 - Starting FastAPI
[2021-01-06 15:35:33,172]{general | INFO}:26 - Starting ilo..Parsing general config
[2021-01-06 15:35:33,173]{general | INFO}:32 - Creating Helper
[2021-01-06 15:35:33,176]{general | INFO}:35 - Starting FastAPI
[2021-01-06 15:35:36,022]{general | INFO}:26 - Starting ilo..Parsing general config
[2021-01-06 15:35:36,023]{general | INFO}:32 - Creating Helper
[2021-01-06 15:35:36,026]{general | INFO}:35 - Starting FastAPI
[2021-01-06 15:35:37,873]{general | INFO}:26 - Starting ilo..Parsing general config
[2021-01-06 15:35:37,874]{general | INFO}:32 - Creating Helper
[2021-01-06 15:35:37,877]{general | INFO}:35 - Starting FastAPI
[2021-01-06 15:35:39,705]{general | INFO}:26 - Starting ilo..Parsing general config
[2021-01-06 15:35:39,706]{general | INFO}:32 - Creating Helper
[2021-01-06 15:35:39,709]{general | INFO}:35 - Starting FastAPI
[2021-01-06 15:35:43,060]{general | INFO}:26 - Starting ilo..Parsing general config
[2021-01-06 15:35:43,061]{general | INFO}:32 - Creating Helper
[2021-01-06 15:35:43,065]{general | INFO}:35 - Starting FastAPI
[2021-01-06 15:35:45,406]{general | INFO}:26 - Starting ilo..Parsing general config
[2021-01-06 15:35:45,407]{general | INFO}:32 - Creating Helper
[2021-01-06 15:35:45,410]{general | INFO}:35 - Starting FastAPI
[2021-01-06 15:35:47,246]{general | INFO}:26 - Starting ilo..Parsing general config
[2021-01-06 15:35:47,247]{general | INFO}:32 - Creating Helper
[2021-01-06 15:35:47,250]{general | INFO}:35 - Starting FastAPI
[2021-01-06 15:35:53,110]{general | INFO}:26 - Starting ilo..Parsing general config
[2021-01-06 15:35:53,111]{general | INFO}:32 - Creating Helper
[2021-01-06 15:35:53,114]{general | INFO}:35 - Starting FastAPI
[2021-01-06 15:36:27,684]{general | INFO}:26 - Starting ilo..Parsing general config
[2021-01-06 15:36:27,685]{general | INFO}:32 - Creating Helper
[2021-01-06 15:36:27,688]{general | INFO}:35 - Starting FastAPI
[2021-01-06 15:36:32,019]{general | INFO}:26 - Starting ilo..Parsing general config
[2021-01-06 15:36:32,020]{general | INFO}:32 - Creating Helper
[2021-01-06 15:36:32,023]{general | INFO}:35 - Starting FastAPI
[2021-01-06 15:36:45,424]{general | INFO}:26 - Starting ilo..Parsing general config
[2021-01-06 15:36:45,425]{general | INFO}:32 - Creating Helper
[2021-01-06 15:36:45,428]{general | INFO}:35 - Starting FastAPI
[2021-01-06 15:37:00,843]{general | INFO}:26 - Starting ilo..Parsing general config
[2021-01-06 15:37:00,844]{general | INFO}:32 - Creating Helper
[2021-01-06 15:37:00,846]{general | INFO}:35 - Starting FastAPI
[2021-01-06 15:37:06,231]{general | INFO}:26 - Starting ilo..Parsing general config
[2021-01-06 15:37:06,232]{general | INFO}:32 - Creating Helper
[2021-01-06 15:37:06,235]{general | INFO}:35 - Starting FastAPI
[2021-01-06 15:37:08,098]{general | INFO}:26 - Starting ilo..Parsing general config
[2021-01-06 15:37:08,099]{general | INFO}:32 - Creating Helper
[2021-01-06 15:37:08,102]{general | INFO}:35 - Starting FastAPI
[2021-01-06 15:37:46,255]{general | INFO}:26 - Starting ilo..Parsing general config
[2021-01-06 15:37:46,256]{general | INFO}:32 - Creating Helper
[2021-01-06 15:37:46,259]{general | INFO}:35 - Starting FastAPI
[2021-01-06 15:37:51,115]{general | INFO}:26 - Starting ilo..Parsing general config
[2021-01-06 15:37:51,116]{general | INFO}:32 - Creating Helper
[2021-01-06 15:37:51,119]{general | INFO}:35 - Starting FastAPI
[2021-01-06 15:37:55,457]{general | INFO}:26 - Starting ilo..Parsing general config
[2021-01-06 15:37:55,458]{general | INFO}:32 - Creating Helper
[2021-01-06 15:37:55,462]{general | INFO}:35 - Starting FastAPI
[2021-01-06 15:37:58,313]{general | INFO}:26 - Starting ilo..Parsing general config
[2021-01-06 15:37:58,314]{general | INFO}:32 - Creating Helper
[2021-01-06 15:37:58,317]{general | INFO}:35 - Starting FastAPI
[2021-01-06 15:46:13,612]{general | INFO}:26 - Starting ilo..Parsing general config
[2021-01-06 15:46:13,613]{general | INFO}:32 - Creating Helper
[2021-01-06 15:46:13,623]{general | INFO}:35 - Starting FastAPI
[2021-01-06 15:46:23,548]{general | INFO}:26 - Starting ilo..Parsing general config
[2021-01-06 15:46:23,549]{general | INFO}:32 - Creating Helper
[2021-01-06 15:46:23,579]{general | INFO}:35 - Starting FastAPI
[2021-01-06 15:46:30,441]{general | INFO}:26 - Starting ilo..Parsing general config
[2021-01-06 15:46:30,442]{general | INFO}:32 - Creating Helper
[2021-01-06 15:46:30,446]{general | INFO}:35 - Starting FastAPI
[2021-01-06 15:46:37,848]{general | INFO}:26 - Starting ilo..Parsing general config
[2021-01-06 15:46:37,848]{general | INFO}:32 - Creating Helper
[2021-01-06 15:46:37,852]{general | INFO}:35 - Starting FastAPI
[2021-01-06 15:46:41,737]{general | INFO}:26 - Starting ilo..Parsing general config
[2021-01-06 15:46:41,738]{general | INFO}:32 - Creating Helper
[2021-01-06 15:46:41,742]{general | INFO}:35 - Starting FastAPI
[2021-01-06 15:46:49,642]{general | INFO}:26 - Starting ilo..Parsing general config
[2021-01-06 15:46:49,643]{general | INFO}:32 - Creating Helper
[2021-01-06 15:46:49,647]{general | INFO}:35 - Starting FastAPI
[2021-01-06 15:47:28,217]{general | INFO}:26 - Starting ilo..Parsing general config
[2021-01-06 15:47:28,218]{general | INFO}:32 - Creating Helper
[2021-01-06 15:47:28,220]{general | INFO}:35 - Starting FastAPI
[2021-01-06 15:47:45,146]{general | INFO}:28 - Starting ilo..Parsing general config
[2021-01-06 15:47:45,147]{general | INFO}:34 - Creating Helper
[2021-01-06 15:47:45,150]{general | INFO}:37 - Starting FastAPI
[2021-01-06 15:47:52,503]{general | INFO}:28 - Starting ilo..Parsing general config
[2021-01-06 15:47:52,504]{general | INFO}:34 - Creating Helper
[2021-01-06 15:47:52,507]{general | INFO}:37 - Starting FastAPI
[2021-01-06 15:47:59,377]{general | INFO}:28 - Starting ilo..Parsing general config
[2021-01-06 15:47:59,378]{general | INFO}:34 - Creating Helper
[2021-01-06 15:47:59,381]{general | INFO}:37 - Starting FastAPI
[2021-01-06 15:48:07,259]{general | INFO}:28 - Starting ilo..Parsing general config
[2021-01-06 15:48:07,259]{general | INFO}:34 - Creating Helper
[2021-01-06 15:48:07,263]{general | INFO}:37 - Starting FastAPI
[2021-01-06 15:48:11,878]{general | INFO}:28 - Starting ilo..Parsing general config
[2021-01-06 15:48:11,879]{general | INFO}:34 - Creating Helper
[2021-01-06 15:48:11,882]{general | INFO}:37 - Starting FastAPI
[2021-01-06 15:48:15,719]{general | INFO}:28 - Starting ilo..Parsing general config
[2021-01-06 15:48:15,720]{general | INFO}:34 - Creating Helper
[2021-01-06 15:48:15,723]{general | INFO}:37 - Starting FastAPI
[2021-01-06 16:01:33,908]{general | INFO}:28 - Starting ilo..Parsing general config
[2021-01-06 16:01:33,910]{general | INFO}:34 - Creating Helper
[2021-01-06 16:01:33,920]{general | INFO}:37 - Starting FastAPI
[2021-01-06 16:01:40,781]{general | INFO}:28 - Starting ilo..Parsing general config
[2021-01-06 16:01:40,782]{general | INFO}:34 - Creating Helper
[2021-01-06 16:01:40,785]{general | INFO}:37 - Starting FastAPI
[2021-01-06 16:02:39,508]{general | INFO}:28 - Starting ilo..Parsing general config
[2021-01-06 16:02:39,509]{general | INFO}:34 - Creating Helper
[2021-01-06 16:02:39,513]{general | INFO}:37 - Starting FastAPI
[2021-01-06 16:02:45,360]{general | INFO}:28 - Starting ilo..Parsing general config
[2021-01-06 16:02:45,361]{general | INFO}:34 - Creating Helper
[2021-01-06 16:02:45,365]{general | INFO}:37 - Starting FastAPI
[2021-01-06 16:02:46,688]{general | INFO}:28 - Starting ilo..Parsing general config
[2021-01-06 16:02:46,688]{general | INFO}:34 - Creating Helper
[2021-01-06 16:02:46,692]{general | INFO}:37 - Starting FastAPI
[2021-01-06 16:02:53,047]{general | INFO}:28 - Starting ilo..Parsing general config
[2021-01-06 16:02:53,047]{general | INFO}:34 - Creating Helper
[2021-01-06 16:02:53,051]{general | INFO}:37 - Starting FastAPI
[2021-01-06 16:02:56,378]{general | INFO}:28 - Starting ilo..Parsing general config
[2021-01-06 16:02:56,379]{general | INFO}:34 - Creating Helper
[2021-01-06 16:02:56,382]{general | INFO}:37 - Starting FastAPI
[2021-01-06 16:03:01,214]{general | INFO}:28 - Starting ilo..Parsing general config
[2021-01-06 16:03:01,214]{general | INFO}:34 - Creating Helper
[2021-01-06 16:03:01,217]{general | INFO}:37 - Starting FastAPI
[2021-01-06 16:03:02,537]{general | INFO}:28 - Starting ilo..Parsing general config
[2021-01-06 16:03:02,537]{general | INFO}:34 - Creating Helper
[2021-01-06 16:03:02,541]{general | INFO}:37 - Starting FastAPI
[2021-01-06 16:03:06,869]{general | INFO}:28 - Starting ilo..Parsing general config
[2021-01-06 16:03:06,870]{general | INFO}:34 - Creating Helper
[2021-01-06 16:03:06,873]{general | INFO}:37 - Starting FastAPI
[2021-01-06 16:03:10,729]{general | INFO}:28 - Starting ilo..Parsing general config
[2021-01-06 16:03:10,730]{general | INFO}:34 - Creating Helper
[2021-01-06 16:03:10,733]{general | INFO}:37 - Starting FastAPI
[2021-01-06 16:03:16,079]{general | INFO}:28 - Starting ilo..Parsing general config
[2021-01-06 16:03:16,097]{general | INFO}:34 - Creating Helper
[2021-01-06 16:03:16,102]{general | INFO}:37 - Starting FastAPI
[2021-01-06 16:03:24,960]{general | INFO}:28 - Starting ilo..Parsing general config
[2021-01-06 16:03:24,961]{general | INFO}:34 - Creating Helper
[2021-01-06 16:03:24,964]{general | INFO}:37 - Starting FastAPI
[2021-01-06 16:03:27,800]{general | INFO}:28 - Starting ilo..Parsing general config
[2021-01-06 16:03:27,800]{general | INFO}:34 - Creating Helper
[2021-01-06 16:03:27,804]{general | INFO}:37 - Starting FastAPI
[2021-01-06 16:03:30,640]{general | INFO}:28 - Starting ilo..Parsing general config
[2021-01-06 16:03:30,641]{general | INFO}:34 - Creating Helper
[2021-01-06 16:03:30,644]{general | INFO}:37 - Starting FastAPI
[2021-01-06 16:03:33,995]{general | INFO}:28 - Starting ilo..Parsing general config
[2021-01-06 16:03:33,996]{general | INFO}:34 - Creating Helper
[2021-01-06 16:03:34,000]{general | INFO}:37 - Starting FastAPI
[2021-01-06 16:03:38,341]{general | INFO}:28 - Starting ilo..Parsing general config
[2021-01-06 16:03:38,342]{general | INFO}:34 - Creating Helper
[2021-01-06 16:03:38,345]{general | INFO}:37 - Starting FastAPI
[2021-01-06 16:03:43,189]{general | INFO}:28 - Starting ilo..Parsing general config
[2021-01-06 16:03:43,190]{general | INFO}:34 - Creating Helper
[2021-01-06 16:03:43,194]{general | INFO}:37 - Starting FastAPI
[2021-01-06 16:03:47,534]{general | INFO}:28 - Starting ilo..Parsing general config
[2021-01-06 16:03:47,535]{general | INFO}:34 - Creating Helper
[2021-01-06 16:03:47,538]{general | INFO}:37 - Starting FastAPI
[2021-01-06 16:03:52,881]{general | INFO}:28 - Starting ilo..Parsing general config
[2021-01-06 16:03:52,881]{general | INFO}:34 - Creating Helper
[2021-01-06 16:03:52,884]{general | INFO}:37 - Starting FastAPI
[2021-01-06 16:03:57,213]{general | INFO}:28 - Starting ilo..Parsing general config
[2021-01-06 16:03:57,213]{general | INFO}:34 - Creating Helper
[2021-01-06 16:03:57,216]{general | INFO}:37 - Starting FastAPI
[2021-01-06 16:03:59,571]{general | INFO}:28 - Starting ilo..Parsing general config
[2021-01-06 16:03:59,572]{general | INFO}:34 - Creating Helper
[2021-01-06 16:03:59,576]{general | INFO}:37 - Starting FastAPI
[2021-01-06 16:13:18,294]{general | INFO}:28 - Starting ilo..Parsing general config
[2021-01-06 16:13:18,296]{general | INFO}:34 - Creating Helper
[2021-01-06 16:13:18,300]{general | INFO}:37 - Starting FastAPI
[2021-01-08 14:19:59,176]{general | INFO}:28 - Starting ilo..Parsing general config
[2021-01-08 14:19:59,178]{general | INFO}:34 - Creating Helper
[2021-01-08 14:19:59,181]{general | INFO}:37 - Starting FastAPI
[2021-01-08 14:21:13,229]{general | INFO}:28 - Starting ilo..Parsing general config
[2021-01-08 14:21:13,230]{general | INFO}:34 - Creating Helper
[2021-01-08 14:21:13,233]{general | INFO}:37 - Starting FastAPI
[2021-01-08 14:23:55,729]{general | INFO}:29 - Starting ilo..Parsing general config
[2021-01-08 14:23:55,730]{general | INFO}:35 - Creating Helper
[2021-01-08 14:23:55,732]{general | INFO}:38 - Starting FastAPI
[2021-01-08 14:30:44,714]{general | INFO}:29 - Starting ilo..Parsing general config
[2021-01-08 14:30:44,715]{general | INFO}:35 - Creating Helper
[2021-01-08 14:30:44,716]{general | INFO}:38 - Starting FastAPI
[2021-01-08 14:31:15,963]{general | INFO}:29 - Starting ilo..Parsing general config
[2021-01-08 14:31:15,964]{general | INFO}:35 - Creating Helper
[2021-01-08 14:31:15,966]{general | INFO}:38 - Starting FastAPI
[2021-01-08 14:40:01,886]{general | INFO}:29 - Starting ilo..Parsing general config
[2021-01-08 14:40:01,887]{general | INFO}:35 - Creating Helper
[2021-01-08 14:40:01,890]{general | INFO}:38 - Starting FastAPI
[2021-01-08 15:06:25,053]{general | INFO}:29 - Starting ilo..Parsing general config
[2021-01-08 15:06:25,054]{general | INFO}:35 - Creating Helper
[2021-01-08 15:06:25,060]{general | INFO}:38 - Starting FastAPI
[2021-01-08 16:20:21,687]{general | INFO}:30 - Starting ilo..Parsing general config
[2021-01-08 16:20:21,688]{general | INFO}:37 - Creating Helper
[2021-01-08 16:20:21,692]{general | INFO}:40 - Starting FastAPI
[2021-01-08 16:21:37,837]{general | INFO}:30 - Starting ilo..Parsing general config
[2021-01-08 16:21:37,838]{general | INFO}:37 - Creating Helper
[2021-01-08 16:21:37,842]{general | INFO}:40 - Starting FastAPI
[2021-01-08 16:40:49,312]{general | INFO}:24 - Starting ilo..Parsing general config
[2021-01-08 16:40:50,962]{general | INFO}:29 - Creating Helper
[2021-01-08 16:40:50,967]{general | INFO}:29 - Starting FastAPI
[2021-01-08 16:42:16,425]{general | INFO}:24 - Starting ilo..Parsing general config
[2021-01-08 16:42:20,307]{general | INFO}:29 - Creating Helper
[2021-01-08 16:42:20,311]{general | INFO}:29 - Starting FastAPI
[2021-01-08 16:50:23,970]{general | INFO}:24 - Starting ilo..Parsing general config
[2021-01-08 16:50:23,971]{general | INFO}:31 - Creating Helper
[2021-01-08 16:50:23,973]{general | INFO}:36 - Starting FastAPI
[2021-01-08 16:52:17,619]{general | INFO}:24 - Starting ilo..Parsing general config
[2021-01-08 16:52:17,619]{general | INFO}:31 - Creating Helper
[2021-01-08 16:52:17,621]{general | INFO}:36 - Starting FastAPI
[2021-01-08 17:02:21,044]{general | INFO}:24 - Starting ilo..Parsing general config
[2021-01-08 17:02:21,045]{general | INFO}:31 - Creating Helper
[2021-01-08 17:02:21,050]{general | INFO}:36 - Starting FastAPI
[2021-01-08 17:03:03,875]{general | INFO}:24 - Starting ilo..Parsing general config
[2021-01-08 17:03:03,876]{general | INFO}:31 - Creating Helper
[2021-01-08 17:03:03,879]{general | INFO}:36 - Starting FastAPI
[2021-01-08 17:06:36,337]{general | INFO}:24 - Starting ilo..Parsing general config
[2021-01-08 17:06:36,338]{general | INFO}:31 - Creating Helper
[2021-01-08 17:06:36,340]{general | INFO}:36 - Starting FastAPI
[2021-01-08 17:06:45,949]{general | INFO}:24 - Starting ilo..Parsing general config
[2021-01-08 17:06:45,950]{general | INFO}:31 - Creating Helper
[2021-01-08 17:06:45,952]{general | INFO}:36 - Starting FastAPI
[2021-01-08 17:11:14,462]{general | INFO}:24 - Starting ilo..Parsing general config
[2021-01-08 17:11:14,463]{general | INFO}:31 - Creating Helper
[2021-01-08 17:11:14,464]{general | INFO}:36 - Starting FastAPI
[2021-01-08 17:14:17,213]{general | INFO}:24 - Starting ilo..Parsing general config
[2021-01-08 17:14:17,215]{general | INFO}:31 - Creating Helper
[2021-01-08 17:14:17,218]{general | INFO}:36 - Starting FastAPI
[2021-01-08 17:17:34,494]{general | INFO}:24 - Starting ilo..Parsing general config
[2021-01-08 17:17:34,495]{general | INFO}:31 - Creating Helper
[2021-01-08 17:17:34,496]{general | INFO}:36 - Starting FastAPI
[2021-01-08 17:20:56,546]{general | INFO}:24 - Starting ilo..Parsing general config
[2021-01-08 17:20:56,547]{general | INFO}:31 - Creating Helper
[2021-01-08 17:20:56,550]{general | INFO}:36 - Starting FastAPI
[2021-01-08 17:36:22,515]{general | INFO}:24 - Starting ilo..Parsing general config
[2021-01-08 17:36:22,518]{general | INFO}:31 - Creating Helper
[2021-01-08 17:36:22,519]{general | INFO}:36 - Starting FastAPI
[2021-01-08 17:41:42,132]{general | INFO}:24 - Starting ilo..Parsing general config
[2021-01-08 17:41:42,133]{general | INFO}:31 - Creating Helper
[2021-01-08 17:41:42,134]{general | INFO}:36 - Starting FastAPI
[2021-01-08 17:53:01,351]{general | INFO}:24 - Starting ilo..Parsing general config
[2021-01-08 17:53:01,356]{general | INFO}:31 - Creating Helper
[2021-01-08 17:53:01,359]{general | INFO}:36 - Starting FastAPI
[2021-01-08 17:53:32,701]{general | INFO}:24 - Starting ilo..Parsing general config
[2021-01-08 17:53:32,702]{general | INFO}:31 - Creating Helper
[2021-01-08 17:53:32,703]{general | INFO}:36 - Starting FastAPI
[2021-01-08 17:53:55,112]{general | INFO}:24 - Starting ilo..Parsing general config
[2021-01-08 17:53:55,113]{general | INFO}:31 - Creating Helper
[2021-01-08 17:53:55,114]{general | INFO}:36 - Starting FastAPI
[2021-01-08 17:54:20,223]{general | INFO}:24 - Starting ilo..Parsing general config
[2021-01-08 17:54:20,224]{general | INFO}:31 - Creating Helper
[2021-01-08 17:54:20,225]{general | INFO}:36 - Starting FastAPI
